<!DOCTYPE html>
<html>
  <head>
    <meta charset="utf-8"/>
    <title id="head-title">report.html</title>
      <link href="assets\style.css" rel="stylesheet" type="text/css"/>
  </head>
  <body>
    <h1 id="title">report.html</h1>
    <p>Report generated on 07-Mar-2024 at 12:21:44 by <a href="https://pypi.python.org/pypi/pytest-html">pytest-html</a>
        v4.1.1</p>
    <div id="environment-header">
      <h2>Environment</h2>
    </div>
    <table id="environment"></table>
    <!-- TEMPLATES -->
      <template id="template_environment_row">
      <tr>
        <td></td>
        <td></td>
      </tr>
    </template>
    <template id="template_results-table__body--empty">
      <tbody class="results-table-row">
        <tr id="not-found-message">
          <td colspan="4">No results found. Check the filters.</th>
        </tr>
    </template>
    <template id="template_results-table__tbody">
      <tbody class="results-table-row">
        <tr class="collapsible">
        </tr>
        <tr class="extras-row">
          <td class="extra" colspan="4">
            <div class="extraHTML"></div>
            <div class="media">
              <div class="media-container">
                  <div class="media-container__nav--left"><</div>
                  <div class="media-container__viewport">
                    <img src="" />
                    <video controls>
                      <source src="" type="video/mp4">
                    </video>
                  </div>
                  <div class="media-container__nav--right">></div>
                </div>
                <div class="media__name"></div>
                <div class="media__counter"></div>
            </div>
            <div class="logwrapper">
              <div class="logexpander"></div>
              <div class="log"></div>
            </div>
          </td>
        </tr>
      </tbody>
    </template>
    <!-- END TEMPLATES -->
    <div class="summary">
      <div class="summary__data">
        <h2>Summary</h2>
        <div class="additional-summary prefix">
        </div>
        <p class="run-count">42 tests took 00:31:01.</p>
        <p class="filter">(Un)check the boxes to filter the results.</p>
        <div class="summary__reload">
          <div class="summary__reload__button hidden" onclick="location.reload()">
            <div>There are still tests running. <br />Reload this page to get the latest results!</div>
          </div>
        </div>
        <div class="summary__spacer"></div>
        <div class="controls">
          <div class="filters">
            <input checked="true" class="filter" name="filter_checkbox" type="checkbox" data-test-result="failed" />
            <span class="failed">6 Failed,</span>
            <input checked="true" class="filter" name="filter_checkbox" type="checkbox" data-test-result="passed" />
            <span class="passed">36 Passed,</span>
            <input checked="true" class="filter" name="filter_checkbox" type="checkbox" data-test-result="skipped" disabled/>
            <span class="skipped">0 Skipped,</span>
            <input checked="true" class="filter" name="filter_checkbox" type="checkbox" data-test-result="xfailed" disabled/>
            <span class="xfailed">0 Expected failures,</span>
            <input checked="true" class="filter" name="filter_checkbox" type="checkbox" data-test-result="xpassed" disabled/>
            <span class="xpassed">0 Unexpected passes,</span>
            <input checked="true" class="filter" name="filter_checkbox" type="checkbox" data-test-result="error" disabled/>
            <span class="error">0 Errors,</span>
            <input checked="true" class="filter" name="filter_checkbox" type="checkbox" data-test-result="rerun" disabled/>
            <span class="rerun">0 Reruns</span>
          </div>
          <div class="collapse">
            <button id="show_all_details">Show all details</button>&nbsp;/&nbsp;<button id="hide_all_details">Hide all details</button>
          </div>
        </div>
      </div>
      <div class="additional-summary summary">
      </div>
      <div class="additional-summary postfix">
      </div>
    </div>
    <table id="results-table">
      <thead id="results-table-head">
        <tr>
          <th class="sortable" data-column-type="result">Result</th>
          <th class="sortable" data-column-type="testId">Test</th>
          <th class="sortable" data-column-type="duration">Duration</th>
          <th>Links</th>
        </tr>
      </thead>
    </table>
  </body>
  <footer>
    <div id="data-container" data-jsonblob="{&#34;environment&#34;: {&#34;Python&#34;: &#34;3.12.0&#34;, &#34;Platform&#34;: &#34;Windows-11-10.0.22621-SP0&#34;, &#34;Packages&#34;: {&#34;pytest&#34;: &#34;8.0.0&#34;, &#34;pluggy&#34;: &#34;1.4.0&#34;}, &#34;Plugins&#34;: {&#34;html&#34;: &#34;4.1.1&#34;, &#34;metadata&#34;: &#34;3.1.1&#34;, &#34;ordering&#34;: &#34;0.6&#34;, &#34;xdist&#34;: &#34;3.5.0&#34;}, &#34;JAVA_HOME&#34;: &#34;C:\\Program Files\\Java\\jdk-21&#34;}, &#34;tests&#34;: {&#34;test_Order.py::TestSignUp::test_SignUpwithValid&#34;: [{&#34;extras&#34;: [], &#34;result&#34;: &#34;Passed&#34;, &#34;testId&#34;: &#34;test_Order.py::TestSignUp::test_SignUpwithValid&#34;, &#34;duration&#34;: &#34;00:01:29&#34;, &#34;resultsTableRow&#34;: [&#34;&lt;td class=\&#34;col-result\&#34;&gt;Passed&lt;/td&gt;&#34;, &#34;&lt;td class=\&#34;col-testId\&#34;&gt;test_Order.py::TestSignUp::test_SignUpwithValid&lt;/td&gt;&#34;, &#34;&lt;td class=\&#34;col-duration\&#34;&gt;00:01:29&lt;/td&gt;&#34;, &#34;&lt;td class=\&#34;col-links\&#34;&gt;&lt;/td&gt;&#34;], &#34;log&#34;: &#34;------------------------------ Captured log call -------------------------------\nINFO     root:BaseClass.py:23 ****Opening URL****\nINFO     root:test_companySignUp.py:56 ********TS_1\tTC1_1\tVerify the Signup functionality. with positive data. ***********\nINFO     root:test_companySignUp.py:57 ******** User is on Login page ***********\nINFO     root:test_companySignUp.py:61 ******** user is in company signup page ***********\nINFO     root:test_companySignUp.py:62 ******** Entering valid data into the fields ***********\nINFO     root:test_companySignUp.py:86 ******** Clicking on signup button ***********\nINFO     root:test_companySignUp.py:87 ******** TC1_2  Verify that a User can Successfully Sign Up with OTP  ***********\nINFO     root:test_companySignUp.py:97 ******** Opening new url in another tab for Email OTP ***********\nINFO     root:test_companySignUp.py:150 ******** Switching back and entering the otp ***********\nINFO     root:test_companySignUp.py:158 ******** TC3_1 Verify the Signup page OTP page,  Verify that a user can successfully verify their account with a valid OTP. ***********\nINFO     root:test_companySignUp.py:162 ******** Company Sign Up successful ***********\nINFO     root:test_companySignUp.py:163 ******** Entering the sig up credentials for Login ***********\nINFO     root:test_companySignUp.py:172 ******** Login successful ***********\nINFO     root:test_companySignUp.py:177 ********* SignUp Test is Passed ***********\n\n&#34;}], &#34;test_Order.py::TestSignUp::test_ListingSignUpCompany&#34;: [{&#34;extras&#34;: [], &#34;result&#34;: &#34;Passed&#34;, &#34;testId&#34;: &#34;test_Order.py::TestSignUp::test_ListingSignUpCompany&#34;, &#34;duration&#34;: &#34;00:00:32&#34;, &#34;resultsTableRow&#34;: [&#34;&lt;td class=\&#34;col-result\&#34;&gt;Passed&lt;/td&gt;&#34;, &#34;&lt;td class=\&#34;col-testId\&#34;&gt;test_Order.py::TestSignUp::test_ListingSignUpCompany&lt;/td&gt;&#34;, &#34;&lt;td class=\&#34;col-duration\&#34;&gt;00:00:32&lt;/td&gt;&#34;, &#34;&lt;td class=\&#34;col-links\&#34;&gt;&lt;/td&gt;&#34;], &#34;log&#34;: &#34;------------------------------ Captured log call -------------------------------\nINFO     root:BaseClass.py:23 ****Opening URL****\nINFO     root:test_companySignUp.py:218 Found Employee name : Ximena Services Private Limited\nINFO     root:test_companySignUp.py:241 Found Employee name :\n\n&#34;}], &#34;test_Order.py::TestLogin::test_login_Valid_UsernamePassword&#34;: [{&#34;extras&#34;: [], &#34;result&#34;: &#34;Passed&#34;, &#34;testId&#34;: &#34;test_Order.py::TestLogin::test_login_Valid_UsernamePassword&#34;, &#34;duration&#34;: &#34;00:00:15&#34;, &#34;resultsTableRow&#34;: [&#34;&lt;td class=\&#34;col-result\&#34;&gt;Passed&lt;/td&gt;&#34;, &#34;&lt;td class=\&#34;col-testId\&#34;&gt;test_Order.py::TestLogin::test_login_Valid_UsernamePassword&lt;/td&gt;&#34;, &#34;&lt;td class=\&#34;col-duration\&#34;&gt;00:00:15&lt;/td&gt;&#34;, &#34;&lt;td class=\&#34;col-links\&#34;&gt;&lt;/td&gt;&#34;], &#34;log&#34;: &#34;------------------------------ Captured log call -------------------------------\nINFO     root:BaseClass.py:23 ****Opening URL****\nINFO     root:test_login.py:97 ****Started Login Test****\nINFO     root:test_login.py:98 ****TS_1\tTC_01\tVerify that a registered user can successfully log in with valid credentials.****\nINFO     root:test_login.py:100 Entering SuperAdmin Credentials for login Username:umsnq0c1@mailcatch.com and Password:Inlink@123\nINFO     root:test_login.py:110 ********* Login Test is Passed ***********\n\n&#34;}], &#34;test_Order.py::TestLogin::test_homePageTitle&#34;: [{&#34;extras&#34;: [], &#34;result&#34;: &#34;Passed&#34;, &#34;testId&#34;: &#34;test_Order.py::TestLogin::test_homePageTitle&#34;, &#34;duration&#34;: &#34;00:00:12&#34;, &#34;resultsTableRow&#34;: [&#34;&lt;td class=\&#34;col-result\&#34;&gt;Passed&lt;/td&gt;&#34;, &#34;&lt;td class=\&#34;col-testId\&#34;&gt;test_Order.py::TestLogin::test_homePageTitle&lt;/td&gt;&#34;, &#34;&lt;td class=\&#34;col-duration\&#34;&gt;00:00:12&lt;/td&gt;&#34;, &#34;&lt;td class=\&#34;col-links\&#34;&gt;&lt;/td&gt;&#34;], &#34;log&#34;: &#34;------------------------------ Captured log call -------------------------------\nINFO     root:BaseClass.py:23 ****Opening URL****\nINFO     root:test_login.py:34 ****Started Home page title test ****\nINFO     root:test_login.py:38 **** Home page title test passed ****\n\n&#34;}], &#34;test_Order.py::TestLogin::test_login_inValid_Password&#34;: [{&#34;extras&#34;: [], &#34;result&#34;: &#34;Passed&#34;, &#34;testId&#34;: &#34;test_Order.py::TestLogin::test_login_inValid_Password&#34;, &#34;duration&#34;: &#34;00:00:16&#34;, &#34;resultsTableRow&#34;: [&#34;&lt;td class=\&#34;col-result\&#34;&gt;Passed&lt;/td&gt;&#34;, &#34;&lt;td class=\&#34;col-testId\&#34;&gt;test_Order.py::TestLogin::test_login_inValid_Password&lt;/td&gt;&#34;, &#34;&lt;td class=\&#34;col-duration\&#34;&gt;00:00:16&lt;/td&gt;&#34;, &#34;&lt;td class=\&#34;col-links\&#34;&gt;&lt;/td&gt;&#34;], &#34;log&#34;: &#34;------------------------------ Captured log call -------------------------------\nINFO     root:BaseClass.py:23 ****Opening URL****\nINFO     root:test_login.py:49 ****Started invalid Password Login Test****\nINFO     root:test_login.py:50 **** TS_01  TC_03 Started invalid Password Login Test****\nINFO     root:test_login.py:60 ********* ivalid Login password Test is Passed ***********\n\n&#34;}], &#34;test_Order.py::TestLogin::test_login_inValid_Username&#34;: [{&#34;extras&#34;: [], &#34;result&#34;: &#34;Passed&#34;, &#34;testId&#34;: &#34;test_Order.py::TestLogin::test_login_inValid_Username&#34;, &#34;duration&#34;: &#34;00:00:20&#34;, &#34;resultsTableRow&#34;: [&#34;&lt;td class=\&#34;col-result\&#34;&gt;Passed&lt;/td&gt;&#34;, &#34;&lt;td class=\&#34;col-testId\&#34;&gt;test_Order.py::TestLogin::test_login_inValid_Username&lt;/td&gt;&#34;, &#34;&lt;td class=\&#34;col-duration\&#34;&gt;00:00:20&lt;/td&gt;&#34;, &#34;&lt;td class=\&#34;col-links\&#34;&gt;&lt;/td&gt;&#34;], &#34;log&#34;: &#34;------------------------------ Captured log call -------------------------------\nINFO     root:BaseClass.py:23 ****Opening URL****\nINFO     root:test_login.py:71 ****Started invalid Username Login Test****\nINFO     root:test_login.py:72 ***** TS_1  TC_04\t verify the login page with invalid user name*****\nINFO     root:test_login.py:82 ********* ivalid Login Username Test is Passed ***********\n\n&#34;}], &#34;test_Order.py::TestConfiguration::test_createDept&#34;: [{&#34;extras&#34;: [], &#34;result&#34;: &#34;Passed&#34;, &#34;testId&#34;: &#34;test_Order.py::TestConfiguration::test_createDept&#34;, &#34;duration&#34;: &#34;00:00:30&#34;, &#34;resultsTableRow&#34;: [&#34;&lt;td class=\&#34;col-result\&#34;&gt;Passed&lt;/td&gt;&#34;, &#34;&lt;td class=\&#34;col-testId\&#34;&gt;test_Order.py::TestConfiguration::test_createDept&lt;/td&gt;&#34;, &#34;&lt;td class=\&#34;col-duration\&#34;&gt;00:00:30&lt;/td&gt;&#34;, &#34;&lt;td class=\&#34;col-links\&#34;&gt;&lt;/td&gt;&#34;], &#34;log&#34;: &#34;------------------------------ Captured log call -------------------------------\nINFO     root:BaseClass.py:23 ****Opening URL****\nINFO     root:test_configuration.py:47 ****Started Login Test****\nINFO     root:test_configuration.py:59  Started TC_01 : Verify create NEW Department \nINFO     root:test_configuration.py:71 ********* TC_01 : Verify create NEW Department Test is Passed ***********\nINFO     root:test_configuration.py:78  Started TC_04 : Verify Search Department \nINFO     root:test_configuration.py:81  Started TC_06 : Verify create NEW Division \nINFO     root:test_configuration.py:93 ********* TC_06 : Verify create NEW Division Test is Passed ***********\nINFO     root:test_configuration.py:100  Started TC_10 : Verify Create NEW Designation \nINFO     root:test_configuration.py:111 ********* Create Designation Test is Passed ***********\n\n&#34;}], &#34;test_Order.py::TestConfiguration::test_EditDept&#34;: [{&#34;extras&#34;: [], &#34;result&#34;: &#34;Passed&#34;, &#34;testId&#34;: &#34;test_Order.py::TestConfiguration::test_EditDept&#34;, &#34;duration&#34;: &#34;00:00:46&#34;, &#34;resultsTableRow&#34;: [&#34;&lt;td class=\&#34;col-result\&#34;&gt;Passed&lt;/td&gt;&#34;, &#34;&lt;td class=\&#34;col-testId\&#34;&gt;test_Order.py::TestConfiguration::test_EditDept&lt;/td&gt;&#34;, &#34;&lt;td class=\&#34;col-duration\&#34;&gt;00:00:46&lt;/td&gt;&#34;, &#34;&lt;td class=\&#34;col-links\&#34;&gt;&lt;/td&gt;&#34;], &#34;log&#34;: &#34;------------------------------ Captured log call -------------------------------\nINFO     root:BaseClass.py:23 ****Opening URL****\nINFO     root:test_configuration.py:121 ****TC_02\tVerify Edit Department****\nINFO     root:test_configuration.py:147 ********* updated Department Test is Passed ***********\nINFO     root:test_configuration.py:157 ********* TC_07\tVerify Edit the Division ***********\nINFO     root:test_configuration.py:168 ********* updated Division Test is Passed ***********\nINFO     root:test_configuration.py:175  Started TC_01 : Verify create NEW Department \nINFO     root:test_configuration.py:179 ********* TC_13\tVerify Search Designation***********\nINFO     root:test_configuration.py:188 ********* updated Designation Test is Passed ***********\n\n&#34;}], &#34;test_Order.py::TestConfiguration::test_DeleteDept&#34;: [{&#34;extras&#34;: [], &#34;result&#34;: &#34;Passed&#34;, &#34;testId&#34;: &#34;test_Order.py::TestConfiguration::test_DeleteDept&#34;, &#34;duration&#34;: &#34;00:00:52&#34;, &#34;resultsTableRow&#34;: [&#34;&lt;td class=\&#34;col-result\&#34;&gt;Passed&lt;/td&gt;&#34;, &#34;&lt;td class=\&#34;col-testId\&#34;&gt;test_Order.py::TestConfiguration::test_DeleteDept&lt;/td&gt;&#34;, &#34;&lt;td class=\&#34;col-duration\&#34;&gt;00:00:52&lt;/td&gt;&#34;, &#34;&lt;td class=\&#34;col-links\&#34;&gt;&lt;/td&gt;&#34;], &#34;log&#34;: &#34;------------------------------ Captured log call -------------------------------\nINFO     root:BaseClass.py:23 ****Opening URL****\nINFO     root:test_configuration.py:200 ****Started Login Test****\nINFO     root:test_configuration.py:215 ****TC_03\tVerify Delete Department****\nINFO     root:test_configuration.py:224 ********* Delete Error Designation Test is Passed ***********\nINFO     root:test_configuration.py:233 ****TC_05\tVerify by clicking on created Department****\nINFO     root:test_configuration.py:235 ****TC_09\tVerify Search Division****\nINFO     root:test_configuration.py:238 ****TC_08\tVerify Delete the Division****\nINFO     root:test_configuration.py:247 ********* Delete Division Test is Passed ***********\nINFO     root:test_configuration.py:259 *********TC_12\tVerify Delete the Designation***********\nINFO     root:test_configuration.py:266 ********* Delete Designation Test is Passed ***********\nINFO     root:test_configuration.py:280 *********TC_03\tVerify Delete Department***********\nINFO     root:test_configuration.py:289 ********* Delete Department Test is Passed ***********\n\n&#34;}], &#34;test_Order.py::TestConfiguration::test_CreateConfDept&#34;: [{&#34;extras&#34;: [], &#34;result&#34;: &#34;Passed&#34;, &#34;testId&#34;: &#34;test_Order.py::TestConfiguration::test_CreateConfDept&#34;, &#34;duration&#34;: &#34;00:00:35&#34;, &#34;resultsTableRow&#34;: [&#34;&lt;td class=\&#34;col-result\&#34;&gt;Passed&lt;/td&gt;&#34;, &#34;&lt;td class=\&#34;col-testId\&#34;&gt;test_Order.py::TestConfiguration::test_CreateConfDept&lt;/td&gt;&#34;, &#34;&lt;td class=\&#34;col-duration\&#34;&gt;00:00:35&lt;/td&gt;&#34;, &#34;&lt;td class=\&#34;col-links\&#34;&gt;&lt;/td&gt;&#34;], &#34;log&#34;: &#34;------------------------------ Captured log call -------------------------------\nINFO     root:BaseClass.py:23 ****Opening URL****\nINFO     root:test_configuration.py:299 ****Started Login Test****\nINFO     root:test_configuration.py:311  Started TC_01 : Verify create NEW Department \nINFO     root:test_configuration.py:323 ********* TC_01 : Verify create NEW Department Test is Passed ***********\nINFO     root:test_configuration.py:330  Started TC_04 : Verify Search Department \nINFO     root:test_configuration.py:333  Started TC_06 : Verify create NEW Division \nINFO     root:test_configuration.py:345 ********* TC_06 : Verify create NEW Division Test is Passed ***********\nINFO     root:test_configuration.py:352  Started TC_10 : Verify Create NEW Designation \nINFO     root:test_configuration.py:363 ********* Create Designation Test is Passed ***********\n\n&#34;}], &#34;test_Order.py::addEmployees::test_createEmployee_superAdmin&#34;: [{&#34;extras&#34;: [], &#34;result&#34;: &#34;Passed&#34;, &#34;testId&#34;: &#34;test_Order.py::addEmployees::test_createEmployee_superAdmin&#34;, &#34;duration&#34;: &#34;00:01:00&#34;, &#34;resultsTableRow&#34;: [&#34;&lt;td class=\&#34;col-result\&#34;&gt;Passed&lt;/td&gt;&#34;, &#34;&lt;td class=\&#34;col-testId\&#34;&gt;test_Order.py::addEmployees::test_createEmployee_superAdmin&lt;/td&gt;&#34;, &#34;&lt;td class=\&#34;col-duration\&#34;&gt;00:01:00&lt;/td&gt;&#34;, &#34;&lt;td class=\&#34;col-links\&#34;&gt;&lt;/td&gt;&#34;], &#34;log&#34;: &#34;------------------------------ Captured log call -------------------------------\nINFO     root:BaseClass.py:23 ****Opening URL****\nINFO     root:test_AddEmployees.py:43 ****TC_01\tCreate New Employee in Super Admin and Admin Account  ****\nINFO     root:test_AddEmployees.py:49 ******** Generating and storing data into excel sheet ***********\nINFO     root:test_AddEmployees.py:84 **** TC_02  Started Create  New Department in Super Admin Account****\nINFO     root:test_AddEmployees.py:98 Found Employee name : \nINFO     root:test_AddEmployees.py:108 ****TC_03  Started Create  New Division in Super Admin Account****\nINFO     root:test_AddEmployees.py:121 Found Employee name : \nINFO     root:test_AddEmployees.py:131 ****TC_04  Started Create  New Designation in Super Admin Account****\nINFO     root:test_AddEmployees.py:145 Found Employee name : \nINFO     root:test_AddEmployees.py:174 Found Employee name : Employee created successfully\n\n&#34;}], &#34;test_Order.py::addEmployees::test_Employee_StatusAndRole&#34;: [{&#34;extras&#34;: [], &#34;result&#34;: &#34;Passed&#34;, &#34;testId&#34;: &#34;test_Order.py::addEmployees::test_Employee_StatusAndRole&#34;, &#34;duration&#34;: &#34;00:01:02&#34;, &#34;resultsTableRow&#34;: [&#34;&lt;td class=\&#34;col-result\&#34;&gt;Passed&lt;/td&gt;&#34;, &#34;&lt;td class=\&#34;col-testId\&#34;&gt;test_Order.py::addEmployees::test_Employee_StatusAndRole&lt;/td&gt;&#34;, &#34;&lt;td class=\&#34;col-duration\&#34;&gt;00:01:02&lt;/td&gt;&#34;, &#34;&lt;td class=\&#34;col-links\&#34;&gt;&lt;/td&gt;&#34;], &#34;log&#34;: &#34;------------------------------ Captured log call -------------------------------\nINFO     root:BaseClass.py:23 ****Opening URL****\nINFO     root:test_AddEmployees.py:189 ****Started Create New Employee in Super Admin and Admin Account ****\nINFO     root:test_AddEmployees.py:195 ******** Generating and storing data into excel sheet ***********\nINFO     root:test_AddEmployees.py:257 Found Employee name : \nINFO     root:test_AddEmployees.py:270 ****TC_09\tEmployee approve*****\nINFO     root:test_AddEmployees.py:283 Found Employee name : Liam\nINFO     root:test_AddEmployees.py:295 ****TC_06\tCheck Employee is getting admin access******\nINFO     root:test_AddEmployees.py:305 Found Employee name : \nINFO     root:test_AddEmployees.py:316 ********TC_07\tCheck if we Remove admin access for Employee ***********\nINFO     root:test_AddEmployees.py:326 Found Employee name : \nINFO     root:test_AddEmployees.py:337 ******TC_14\tVerify De-active employee******\nINFO     root:test_AddEmployees.py:350 Found Employee name : Employee deactivated successfully\nINFO     root:test_AddEmployees.py:363 ********** Acronym creation test is passed *********\n\n&#34;}], &#34;test_Order.py::addEmployees::test_Employee_StatusAdminRole&#34;: [{&#34;extras&#34;: [], &#34;result&#34;: &#34;Passed&#34;, &#34;testId&#34;: &#34;test_Order.py::addEmployees::test_Employee_StatusAdminRole&#34;, &#34;duration&#34;: &#34;00:01:00&#34;, &#34;resultsTableRow&#34;: [&#34;&lt;td class=\&#34;col-result\&#34;&gt;Passed&lt;/td&gt;&#34;, &#34;&lt;td class=\&#34;col-testId\&#34;&gt;test_Order.py::addEmployees::test_Employee_StatusAdminRole&lt;/td&gt;&#34;, &#34;&lt;td class=\&#34;col-duration\&#34;&gt;00:01:00&lt;/td&gt;&#34;, &#34;&lt;td class=\&#34;col-links\&#34;&gt;&lt;/td&gt;&#34;], &#34;log&#34;: &#34;------------------------------ Captured log call -------------------------------\nINFO     root:BaseClass.py:23 ****Opening URL****\nINFO     root:test_AddEmployees.py:375 ****TC_06\tCheck Employee is getting admin access ****\nINFO     root:test_AddEmployees.py:381 ******** Generating and storing data into excel sheet ***********\nINFO     root:test_AddEmployees.py:443 Found Employee name : \nINFO     root:test_AddEmployees.py:467 Found Employee name : Eva\nINFO     root:test_AddEmployees.py:489 Found Employee name : Eva is an admin now\n\n&#34;}], &#34;test_Order.py::TestEmployeeSignUp::test_EmployeeSignUpValidWithoutDomain&#34;: [{&#34;extras&#34;: [], &#34;result&#34;: &#34;Passed&#34;, &#34;testId&#34;: &#34;test_Order.py::TestEmployeeSignUp::test_EmployeeSignUpValidWithoutDomain&#34;, &#34;duration&#34;: &#34;00:01:01&#34;, &#34;resultsTableRow&#34;: [&#34;&lt;td class=\&#34;col-result\&#34;&gt;Passed&lt;/td&gt;&#34;, &#34;&lt;td class=\&#34;col-testId\&#34;&gt;test_Order.py::TestEmployeeSignUp::test_EmployeeSignUpValidWithoutDomain&lt;/td&gt;&#34;, &#34;&lt;td class=\&#34;col-duration\&#34;&gt;00:01:01&lt;/td&gt;&#34;, &#34;&lt;td class=\&#34;col-links\&#34;&gt;&lt;/td&gt;&#34;], &#34;log&#34;: &#34;------------------------------ Captured log call -------------------------------\nINFO     root:BaseClass.py:23 ****Opening URL****\nINFO     root:test_EmployeeSignUp.py:33 ******** Starting test_Employee Sign Up with Valid ***********\nINFO     root:test_EmployeeSignUp.py:34 ******** User is on Login page ***********\nINFO     root:test_EmployeeSignUp.py:40 ******** Generating and storing data into excel sheet ***********\nINFO     root:test_EmployeeSignUp.py:61 ******** user is in company signup page ***********\nINFO     root:test_EmployeeSignUp.py:62 ******** Entering valid data into the fields ***********\nINFO     root:test_EmployeeSignUp.py:73 ******** Clicking on signup button ***********\nINFO     root:test_EmployeeSignUp.py:74 ******** user navigated to enter OTP page ***********\nINFO     root:test_EmployeeSignUp.py:84 ******** Opening new url in another tab for Email OTP ***********\nINFO     root:test_EmployeeSignUp.py:137 ******** Switching back and entering the otp ***********\nINFO     root:test_EmployeeSignUp.py:145 ******** Verifying the OTP ***********\n\n&#34;}], &#34;test_Order.py::TestEmployeeSignUp::test_EmployeeSignUpWith_inValid_Data&#34;: [{&#34;extras&#34;: [], &#34;result&#34;: &#34;Passed&#34;, &#34;testId&#34;: &#34;test_Order.py::TestEmployeeSignUp::test_EmployeeSignUpWith_inValid_Data&#34;, &#34;duration&#34;: &#34;00:00:41&#34;, &#34;resultsTableRow&#34;: [&#34;&lt;td class=\&#34;col-result\&#34;&gt;Passed&lt;/td&gt;&#34;, &#34;&lt;td class=\&#34;col-testId\&#34;&gt;test_Order.py::TestEmployeeSignUp::test_EmployeeSignUpWith_inValid_Data&lt;/td&gt;&#34;, &#34;&lt;td class=\&#34;col-duration\&#34;&gt;00:00:41&lt;/td&gt;&#34;, &#34;&lt;td class=\&#34;col-links\&#34;&gt;&lt;/td&gt;&#34;], &#34;log&#34;: &#34;------------------------------ Captured log call -------------------------------\nINFO     root:BaseClass.py:23 ****Opening URL****\nINFO     root:test_EmployeeSignUp.py:179 ******** Starting test_Employee Sign Up with Valid ***********\nINFO     root:test_EmployeeSignUp.py:180 ******** User is on Login page ***********\nINFO     root:test_EmployeeSignUp.py:190 ******** user is in Employee signup page ***********\nINFO     root:test_EmployeeSignUp.py:191 ******** Entering valid data into the fields ***********\nINFO     root:test_EmployeeSignUp.py:210 ******** Clicking on signup button ***********\nINFO     root:test_EmployeeSignUp.py:227 Found error text: Please enter valid fullName\nINFO     root:test_EmployeeSignUp.py:228 ********* Validation of Error message with invalid data test is Passed ***********\nINFO     root:test_EmployeeSignUp.py:227 Found error text: Email must start with alphabet\nINFO     root:test_EmployeeSignUp.py:228 ********* Validation of Error message with invalid data test is Passed ***********\nINFO     root:test_EmployeeSignUp.py:227 Found error text: The password must be 8 characters in length, and must contain at least one small letter, one capital letter, one numeric character and one special character\nINFO     root:test_EmployeeSignUp.py:228 ********* Validation of Error message with invalid data test is Passed ***********\nINFO     root:test_EmployeeSignUp.py:227 Found error text: Password and confirm password are not same\nINFO     root:test_EmployeeSignUp.py:228 ********* Validation of Error message with invalid data test is Passed ***********\n\n&#34;}], &#34;test_Order.py::TestEmployeeSignUp::test_EmployeeSignUpValidWithoutDomainAdmin&#34;: [{&#34;extras&#34;: [], &#34;result&#34;: &#34;Passed&#34;, &#34;testId&#34;: &#34;test_Order.py::TestEmployeeSignUp::test_EmployeeSignUpValidWithoutDomainAdmin&#34;, &#34;duration&#34;: &#34;00:01:38&#34;, &#34;resultsTableRow&#34;: [&#34;&lt;td class=\&#34;col-result\&#34;&gt;Passed&lt;/td&gt;&#34;, &#34;&lt;td class=\&#34;col-testId\&#34;&gt;test_Order.py::TestEmployeeSignUp::test_EmployeeSignUpValidWithoutDomainAdmin&lt;/td&gt;&#34;, &#34;&lt;td class=\&#34;col-duration\&#34;&gt;00:01:38&lt;/td&gt;&#34;, &#34;&lt;td class=\&#34;col-links\&#34;&gt;&lt;/td&gt;&#34;], &#34;log&#34;: &#34;------------------------------ Captured log call -------------------------------\nINFO     root:BaseClass.py:23 ****Opening URL****\nINFO     root:test_EmployeeSignUp.py:321 ******** Starting test_Employee Sign Up with Valid ***********\nINFO     root:test_EmployeeSignUp.py:322 ******** User is on Login page ***********\nINFO     root:test_EmployeeSignUp.py:328 ******** Generating and storing data into excel sheet ***********\nINFO     root:test_EmployeeSignUp.py:349 ******** user is in company signup page ***********\nINFO     root:test_EmployeeSignUp.py:350 ******** Entering valid data into the fields ***********\nINFO     root:test_EmployeeSignUp.py:361 ******** Clicking on signup button ***********\nINFO     root:test_EmployeeSignUp.py:362 ******** user navigated to enter OTP page ***********\nINFO     root:test_EmployeeSignUp.py:372 ******** Opening new url in another tab for Email OTP ***********\nINFO     root:test_EmployeeSignUp.py:425 ******** Switching back and entering the otp ***********\nINFO     root:test_EmployeeSignUp.py:433 ******** Verifying the OTP ***********\nINFO     root:test_EmployeeSignUp.py:466 Found Toast Message : \nINFO     root:test_EmployeeSignUp.py:477 Verifying the Approved Employee in Active Tab\nINFO     root:test_EmployeeSignUp.py:486 Found Employee name : Zara\nINFO     root:test_EmployeeSignUp.py:508 Found Employee name : Zara is an admin now\n\n&#34;}], &#34;test_Order.py::TestEmployeeSignUp::test_RejectSignedUpEmployee&#34;: [{&#34;extras&#34;: [], &#34;result&#34;: &#34;Passed&#34;, &#34;testId&#34;: &#34;test_Order.py::TestEmployeeSignUp::test_RejectSignedUpEmployee&#34;, &#34;duration&#34;: &#34;00:01:32&#34;, &#34;resultsTableRow&#34;: [&#34;&lt;td class=\&#34;col-result\&#34;&gt;Passed&lt;/td&gt;&#34;, &#34;&lt;td class=\&#34;col-testId\&#34;&gt;test_Order.py::TestEmployeeSignUp::test_RejectSignedUpEmployee&lt;/td&gt;&#34;, &#34;&lt;td class=\&#34;col-duration\&#34;&gt;00:01:32&lt;/td&gt;&#34;, &#34;&lt;td class=\&#34;col-links\&#34;&gt;&lt;/td&gt;&#34;], &#34;log&#34;: &#34;------------------------------ Captured log call -------------------------------\nINFO     root:BaseClass.py:23 ****Opening URL****\nINFO     root:test_EmployeeSignUp.py:33 ******** Starting test_Employee Sign Up with Valid ***********\nINFO     root:test_EmployeeSignUp.py:34 ******** User is on Login page ***********\nINFO     root:test_EmployeeSignUp.py:40 ******** Generating and storing data into excel sheet ***********\nINFO     root:test_EmployeeSignUp.py:61 ******** user is in company signup page ***********\nINFO     root:test_EmployeeSignUp.py:62 ******** Entering valid data into the fields ***********\nINFO     root:test_EmployeeSignUp.py:73 ******** Clicking on signup button ***********\nINFO     root:test_EmployeeSignUp.py:74 ******** user navigated to enter OTP page ***********\nINFO     root:test_EmployeeSignUp.py:84 ******** Opening new url in another tab for Email OTP ***********\nINFO     root:test_EmployeeSignUp.py:137 ******** Switching back and entering the otp ***********\nINFO     root:test_EmployeeSignUp.py:145 ******** Verifying the OTP ***********\nINFO     root:test_EmployeeSignUp.py:555 Found Toast Message: Employee rejected successfully\nINFO     root:test_EmployeeSignUp.py:566 Verifying the rejected Employee in rejected Tab\nINFO     root:test_EmployeeSignUp.py:574 Found Employee name : Eliza\n\n&#34;}], &#34;test_Order.py::TestEmployeeSignUp::test_ApproveSignedUpEmployee&#34;: [{&#34;extras&#34;: [], &#34;result&#34;: &#34;Passed&#34;, &#34;testId&#34;: &#34;test_Order.py::TestEmployeeSignUp::test_ApproveSignedUpEmployee&#34;, &#34;duration&#34;: &#34;00:01:38&#34;, &#34;resultsTableRow&#34;: [&#34;&lt;td class=\&#34;col-result\&#34;&gt;Passed&lt;/td&gt;&#34;, &#34;&lt;td class=\&#34;col-testId\&#34;&gt;test_Order.py::TestEmployeeSignUp::test_ApproveSignedUpEmployee&lt;/td&gt;&#34;, &#34;&lt;td class=\&#34;col-duration\&#34;&gt;00:01:38&lt;/td&gt;&#34;, &#34;&lt;td class=\&#34;col-links\&#34;&gt;&lt;/td&gt;&#34;], &#34;log&#34;: &#34;------------------------------ Captured log call -------------------------------\nINFO     root:BaseClass.py:23 ****Opening URL****\nINFO     root:test_EmployeeSignUp.py:33 ******** Starting test_Employee Sign Up with Valid ***********\nINFO     root:test_EmployeeSignUp.py:34 ******** User is on Login page ***********\nINFO     root:test_EmployeeSignUp.py:40 ******** Generating and storing data into excel sheet ***********\nINFO     root:test_EmployeeSignUp.py:61 ******** user is in company signup page ***********\nINFO     root:test_EmployeeSignUp.py:62 ******** Entering valid data into the fields ***********\nINFO     root:test_EmployeeSignUp.py:73 ******** Clicking on signup button ***********\nINFO     root:test_EmployeeSignUp.py:74 ******** user navigated to enter OTP page ***********\nINFO     root:test_EmployeeSignUp.py:84 ******** Opening new url in another tab for Email OTP ***********\nINFO     root:test_EmployeeSignUp.py:137 ******** Switching back and entering the otp ***********\nINFO     root:test_EmployeeSignUp.py:145 ******** Verifying the OTP ***********\nINFO     root:test_EmployeeSignUp.py:282 Found Toast Message : Employee approved successfully\nINFO     root:test_EmployeeSignUp.py:294 Verifying the Approved Employee in Active Tab\nINFO     root:test_EmployeeSignUp.py:302 Found Employee name : Yara\n\n&#34;}], &#34;test_Order.py::TestEmployeeSignUp::test_EmployeeSignUpValidWithDomain&#34;: [{&#34;extras&#34;: [], &#34;result&#34;: &#34;Passed&#34;, &#34;testId&#34;: &#34;test_Order.py::TestEmployeeSignUp::test_EmployeeSignUpValidWithDomain&#34;, &#34;duration&#34;: &#34;00:01:06&#34;, &#34;resultsTableRow&#34;: [&#34;&lt;td class=\&#34;col-result\&#34;&gt;Passed&lt;/td&gt;&#34;, &#34;&lt;td class=\&#34;col-testId\&#34;&gt;test_Order.py::TestEmployeeSignUp::test_EmployeeSignUpValidWithDomain&lt;/td&gt;&#34;, &#34;&lt;td class=\&#34;col-duration\&#34;&gt;00:01:06&lt;/td&gt;&#34;, &#34;&lt;td class=\&#34;col-links\&#34;&gt;&lt;/td&gt;&#34;], &#34;log&#34;: &#34;------------------------------ Captured log call -------------------------------\nINFO     root:BaseClass.py:23 ****Opening URL****\nINFO     root:test_EmployeeSignUp.py:591 ******** Starting test_Employee Sign Up Valid With domain***********\nINFO     root:test_EmployeeSignUp.py:592 ******** User is on Login page ***********\nINFO     root:test_EmployeeSignUp.py:599 ******** Generating and storing data into excel sheet ***********\nINFO     root:test_EmployeeSignUp.py:620 ******** user is in company signup page ***********\nINFO     root:test_EmployeeSignUp.py:621 ******** Entering valid data into the fields ***********\nINFO     root:test_EmployeeSignUp.py:638 ******** Clicking on signup button ***********\nINFO     root:test_EmployeeSignUp.py:639 ******** user navigated to enter OTP page ***********\nINFO     root:test_EmployeeSignUp.py:650 ******** Opening new url in another tab for Email OTP ***********\nINFO     root:test_EmployeeSignUp.py:703 ******** Switching back and entering the otp ***********\nINFO     root:test_EmployeeSignUp.py:711 ******** Verifying the OTP ***********\n\n&#34;}], &#34;test_Order.py::TestEmployeeSignUp::test_ActiveSignedUpEmployeeWithDomain&#34;: [{&#34;extras&#34;: [], &#34;result&#34;: &#34;Failed&#34;, &#34;testId&#34;: &#34;test_Order.py::TestEmployeeSignUp::test_ActiveSignedUpEmployeeWithDomain&#34;, &#34;duration&#34;: &#34;00:00:52&#34;, &#34;resultsTableRow&#34;: [&#34;&lt;td class=\&#34;col-result\&#34;&gt;Failed&lt;/td&gt;&#34;, &#34;&lt;td class=\&#34;col-testId\&#34;&gt;test_Order.py::TestEmployeeSignUp::test_ActiveSignedUpEmployeeWithDomain&lt;/td&gt;&#34;, &#34;&lt;td class=\&#34;col-duration\&#34;&gt;00:00:52&lt;/td&gt;&#34;, &#34;&lt;td class=\&#34;col-links\&#34;&gt;&lt;/td&gt;&#34;], &#34;log&#34;: &#34;self = &amp;lt;testCases.test_EmployeeSignUp.TestEmployeeSignUp testMethod=test_ActiveSignedUpEmployeeWithDomain&amp;gt;\n\n    @pytest.mark.run(order=20)\n    @pytest.mark.regression\n    # @pytest.mark.test\n    # @pytest.mark.flaky(rerun=3, rerun_delay=2)\n    # Change credentials to run\n    def test_ActiveSignedUpEmployeeWithDomain(self):\n        # to use same class different test method\n&amp;gt;       self.test_EmployeeSignUpValidWithDomain()\n\ntestCases\\test_EmployeeSignUp.py:724: \n_ _ _ _ _ _ _ _ _ _ _ _ _ _ _ _ _ _ _ _ _ _ _ _ _ _ _ _ _ _ _ _ _ _ _ _ _ _ _ _ _ _ _ _ _ _ _ _ _ _ _ _ _ _ _ _ _ _ _ _ _ _ _ _ _ _ _ _ _ _ _ _ _ _\ntestCases\\test_EmployeeSignUp.py:672: in test_EmployeeSignUpValidWithDomain\n    subject.click()\n..\\AutomationFramework\\venv\\Lib\\site-packages\\selenium\\webdriver\\remote\\webelement.py:94: in click\n    self._execute(Command.CLICK_ELEMENT)\n..\\AutomationFramework\\venv\\Lib\\site-packages\\selenium\\webdriver\\remote\\webelement.py:395: in _execute\n    return self._parent.execute(command, params)\n..\\AutomationFramework\\venv\\Lib\\site-packages\\selenium\\webdriver\\remote\\webdriver.py:347: in execute\n    self.error_handler.check_response(response)\n_ _ _ _ _ _ _ _ _ _ _ _ _ _ _ _ _ _ _ _ _ _ _ _ _ _ _ _ _ _ _ _ _ _ _ _ _ _ _ _ _ _ _ _ _ _ _ _ _ _ _ _ _ _ _ _ _ _ _ _ _ _ _ _ _ _ _ _ _ _ _ _ _ _\n\nself = &amp;lt;selenium.webdriver.remote.errorhandler.ErrorHandler object at 0x000001E6F87C2840&amp;gt;\nresponse = {&amp;#x27;status&amp;#x27;: 400, &amp;#x27;value&amp;#x27;: &amp;#x27;{&amp;quot;value&amp;quot;:{&amp;quot;error&amp;quot;:&amp;quot;element not interactable&amp;quot;,&amp;quot;message&amp;quot;:&amp;quot;element not interactable\\\\n  (Sessio...07FF6A0F668F4]\\\\n\\\\tBaseThreadInitThunk [0x00007FFE7F8F257D+29]\\\\n\\\\tRtlUserThreadStart [0x00007FFE803CAA58+40]\\\\n&amp;quot;}}&amp;#x27;}\n\n    def check_response(self, response: Dict[str, Any]) -&amp;gt; None:\n        &amp;quot;&amp;quot;&amp;quot;Checks that a JSON response from the WebDriver does not have an\n        error.\n    \n        :Args:\n         - response - The JSON response from the WebDriver server as a dictionary\n           object.\n    \n        :Raises: If the response contains an error message.\n        &amp;quot;&amp;quot;&amp;quot;\n        status = response.get(&amp;quot;status&amp;quot;, None)\n        if not status or status == ErrorCode.SUCCESS:\n            return\n        value = None\n        message = response.get(&amp;quot;message&amp;quot;, &amp;quot;&amp;quot;)\n        screen: str = response.get(&amp;quot;screen&amp;quot;, &amp;quot;&amp;quot;)\n        stacktrace = None\n        if isinstance(status, int):\n            value_json = response.get(&amp;quot;value&amp;quot;, None)\n            if value_json and isinstance(value_json, str):\n                import json\n    \n                try:\n                    value = json.loads(value_json)\n                    if len(value) == 1:\n                        value = value[&amp;quot;value&amp;quot;]\n                    status = value.get(&amp;quot;error&amp;quot;, None)\n                    if not status:\n                        status = value.get(&amp;quot;status&amp;quot;, ErrorCode.UNKNOWN_ERROR)\n                        message = value.get(&amp;quot;value&amp;quot;) or value.get(&amp;quot;message&amp;quot;)\n                        if not isinstance(message, str):\n                            value = message\n                            message = message.get(&amp;quot;message&amp;quot;)\n                    else:\n                        message = value.get(&amp;quot;message&amp;quot;, None)\n                except ValueError:\n                    pass\n    \n        exception_class: Type[WebDriverException]\n        e = ErrorCode()\n        error_codes = [item for item in dir(e) if not item.startswith(&amp;quot;__&amp;quot;)]\n        for error_code in error_codes:\n            error_info = getattr(ErrorCode, error_code)\n            if isinstance(error_info, list) and status in error_info:\n                exception_class = getattr(ExceptionMapping, error_code, WebDriverException)\n                break\n        else:\n            exception_class = WebDriverException\n    \n        if not value:\n            value = response[&amp;quot;value&amp;quot;]\n        if isinstance(value, str):\n            raise exception_class(value)\n        if message == &amp;quot;&amp;quot; and &amp;quot;message&amp;quot; in value:\n            message = value[&amp;quot;message&amp;quot;]\n    \n        screen = None  # type: ignore[assignment]\n        if &amp;quot;screen&amp;quot; in value:\n            screen = value[&amp;quot;screen&amp;quot;]\n    \n        stacktrace = None\n        st_value = value.get(&amp;quot;stackTrace&amp;quot;) or value.get(&amp;quot;stacktrace&amp;quot;)\n        if st_value:\n            if isinstance(st_value, str):\n                stacktrace = st_value.split(&amp;quot;\\n&amp;quot;)\n            else:\n                stacktrace = []\n                try:\n                    for frame in st_value:\n                        line = frame.get(&amp;quot;lineNumber&amp;quot;, &amp;quot;&amp;quot;)\n                        file = frame.get(&amp;quot;fileName&amp;quot;, &amp;quot;&amp;lt;anonymous&amp;gt;&amp;quot;)\n                        if line:\n                            file = f&amp;quot;{file}:{line}&amp;quot;\n                        meth = frame.get(&amp;quot;methodName&amp;quot;, &amp;quot;&amp;lt;anonymous&amp;gt;&amp;quot;)\n                        if &amp;quot;className&amp;quot; in frame:\n                            meth = f&amp;quot;{frame[&amp;#x27;className&amp;#x27;]}.{meth}&amp;quot;\n                        msg = &amp;quot;    at %s (%s)&amp;quot;\n                        msg = msg % (meth, file)\n                        stacktrace.append(msg)\n                except TypeError:\n                    pass\n        if exception_class == UnexpectedAlertPresentException:\n            alert_text = None\n            if &amp;quot;data&amp;quot; in value:\n                alert_text = value[&amp;quot;data&amp;quot;].get(&amp;quot;text&amp;quot;)\n            elif &amp;quot;alert&amp;quot; in value:\n                alert_text = value[&amp;quot;alert&amp;quot;].get(&amp;quot;text&amp;quot;)\n            raise exception_class(message, screen, stacktrace, alert_text)  # type: ignore[call-arg]  # mypy is not smart enough here\n&amp;gt;       raise exception_class(message, screen, stacktrace)\nE       selenium.common.exceptions.ElementNotInteractableException: Message: element not interactable\nE         (Session info: chrome=122.0.6261.95)\nE       Stacktrace:\nE       \tGetHandleVerifier [0x00007FF6A0FFAD22+56930]\nE       \t(No symbol) [0x00007FF6A0F6F622]\nE       \t(No symbol) [0x00007FF6A0E2419D]\nE       \t(No symbol) [0x00007FF6A0E6ACA2]\nE       \t(No symbol) [0x00007FF6A0E5F798]\nE       \t(No symbol) [0x00007FF6A0E8BC9A]\nE       \t(No symbol) [0x00007FF6A0E5F09A]\nE       \t(No symbol) [0x00007FF6A0E8BEB0]\nE       \t(No symbol) [0x00007FF6A0EA81E2]\nE       \t(No symbol) [0x00007FF6A0E8BA43]\nE       \t(No symbol) [0x00007FF6A0E5D438]\nE       \t(No symbol) [0x00007FF6A0E5E4D1]\nE       \tGetHandleVerifier [0x00007FF6A1376AAD+3709933]\nE       \tGetHandleVerifier [0x00007FF6A13CFFED+4075821]\nE       \tGetHandleVerifier [0x00007FF6A13C817F+4043455]\nE       \tGetHandleVerifier [0x00007FF6A1099756+706710]\nE       \t(No symbol) [0x00007FF6A0F7B8FF]\nE       \t(No symbol) [0x00007FF6A0F76AE4]\nE       \t(No symbol) [0x00007FF6A0F76C3C]\nE       \t(No symbol) [0x00007FF6A0F668F4]\nE       \tBaseThreadInitThunk [0x00007FFE7F8F257D+29]\nE       \tRtlUserThreadStart [0x00007FFE803CAA58+40]\n\n..\\AutomationFramework\\venv\\Lib\\site-packages\\selenium\\webdriver\\remote\\errorhandler.py:229: ElementNotInteractableException\n\n------------------------------ Captured log call -------------------------------\nINFO     root:BaseClass.py:23 ****Opening URL****\nINFO     root:test_EmployeeSignUp.py:591 ******** Starting test_Employee Sign Up Valid With domain***********\nINFO     root:test_EmployeeSignUp.py:592 ******** User is on Login page ***********\nINFO     root:test_EmployeeSignUp.py:599 ******** Generating and storing data into excel sheet ***********\nINFO     root:test_EmployeeSignUp.py:620 ******** user is in company signup page ***********\nINFO     root:test_EmployeeSignUp.py:621 ******** Entering valid data into the fields ***********\nINFO     root:test_EmployeeSignUp.py:638 ******** Clicking on signup button ***********\nINFO     root:test_EmployeeSignUp.py:639 ******** user navigated to enter OTP page ***********\nINFO     root:test_EmployeeSignUp.py:650 ******** Opening new url in another tab for Email OTP ***********\n\n&#34;}], &#34;test_Order.py::TestEmployeeSignUp::test_AdminSignedUpEmployeeWithDomain&#34;: [{&#34;extras&#34;: [], &#34;result&#34;: &#34;Passed&#34;, &#34;testId&#34;: &#34;test_Order.py::TestEmployeeSignUp::test_AdminSignedUpEmployeeWithDomain&#34;, &#34;duration&#34;: &#34;00:01:28&#34;, &#34;resultsTableRow&#34;: [&#34;&lt;td class=\&#34;col-result\&#34;&gt;Passed&lt;/td&gt;&#34;, &#34;&lt;td class=\&#34;col-testId\&#34;&gt;test_Order.py::TestEmployeeSignUp::test_AdminSignedUpEmployeeWithDomain&lt;/td&gt;&#34;, &#34;&lt;td class=\&#34;col-duration\&#34;&gt;00:01:28&lt;/td&gt;&#34;, &#34;&lt;td class=\&#34;col-links\&#34;&gt;&lt;/td&gt;&#34;], &#34;log&#34;: &#34;------------------------------ Captured log call -------------------------------\nINFO     root:BaseClass.py:23 ****Opening URL****\nINFO     root:test_EmployeeSignUp.py:591 ******** Starting test_Employee Sign Up Valid With domain***********\nINFO     root:test_EmployeeSignUp.py:592 ******** User is on Login page ***********\nINFO     root:test_EmployeeSignUp.py:599 ******** Generating and storing data into excel sheet ***********\nINFO     root:test_EmployeeSignUp.py:620 ******** user is in company signup page ***********\nINFO     root:test_EmployeeSignUp.py:621 ******** Entering valid data into the fields ***********\nINFO     root:test_EmployeeSignUp.py:638 ******** Clicking on signup button ***********\nINFO     root:test_EmployeeSignUp.py:639 ******** user navigated to enter OTP page ***********\nINFO     root:test_EmployeeSignUp.py:650 ******** Opening new url in another tab for Email OTP ***********\nINFO     root:test_EmployeeSignUp.py:703 ******** Switching back and entering the otp ***********\nINFO     root:test_EmployeeSignUp.py:711 ******** Verifying the OTP ***********\nINFO     root:test_EmployeeSignUp.py:794 Found Employee name : Milo\nINFO     root:test_EmployeeSignUp.py:821 Found Employee name : \nINFO     root:test_EmployeeSignUp.py:832 ******** Entering Admin Employee credentials for verification ***********\nINFO     root:test_EmployeeSignUp.py:851 Found Employee Role :  Admin\n\n&#34;}], &#34;test_Order.py::TestNetworks::test_RejectConnectionCompanyAsManufacturer&#34;: [{&#34;extras&#34;: [], &#34;result&#34;: &#34;Passed&#34;, &#34;testId&#34;: &#34;test_Order.py::TestNetworks::test_RejectConnectionCompanyAsManufacturer&#34;, &#34;duration&#34;: &#34;00:00:51&#34;, &#34;resultsTableRow&#34;: [&#34;&lt;td class=\&#34;col-result\&#34;&gt;Passed&lt;/td&gt;&#34;, &#34;&lt;td class=\&#34;col-testId\&#34;&gt;test_Order.py::TestNetworks::test_RejectConnectionCompanyAsManufacturer&lt;/td&gt;&#34;, &#34;&lt;td class=\&#34;col-duration\&#34;&gt;00:00:51&lt;/td&gt;&#34;, &#34;&lt;td class=\&#34;col-links\&#34;&gt;&lt;/td&gt;&#34;], &#34;log&#34;: &#34;------------------------------ Captured log call -------------------------------\nINFO     root:BaseClass.py:23 ****Opening URL****\nINFO     root:test_networks.py:50 ****Started Network Connection Test****\nINFO     root:test_networks.py:57 Entering SuperAdmin Credentials for login username donu1ql@mailcatch.com and password Inlink@123\nINFO     root:test_networks.py:96 Found error text: Network Connections\nINFO     root:test_networks.py:106 ******** Entering Requested company credentials for Network Connection ***********\nINFO     root:test_networks.py:108 Entering Requested company Credentials for Approve request Username:donu1ql@mailcatch.com and Password:Inlink@123\nINFO     root:test_networks.py:133 ********* Company Connection rejected Successfully ***********\n\n&#34;}], &#34;test_Order.py::TestNetworks::test_follow_and_unfollow_company&#34;: [{&#34;extras&#34;: [], &#34;result&#34;: &#34;Failed&#34;, &#34;testId&#34;: &#34;test_Order.py::TestNetworks::test_follow_and_unfollow_company&#34;, &#34;duration&#34;: &#34;00:00:34&#34;, &#34;resultsTableRow&#34;: [&#34;&lt;td class=\&#34;col-result\&#34;&gt;Failed&lt;/td&gt;&#34;, &#34;&lt;td class=\&#34;col-testId\&#34;&gt;test_Order.py::TestNetworks::test_follow_and_unfollow_company&lt;/td&gt;&#34;, &#34;&lt;td class=\&#34;col-duration\&#34;&gt;00:00:34&lt;/td&gt;&#34;, &#34;&lt;td class=\&#34;col-links\&#34;&gt;&lt;/td&gt;&#34;], &#34;log&#34;: &#34;self = &amp;lt;testCases.test_networks.TestNetworks testMethod=test_follow_and_unfollow_company&amp;gt;\n\n    @pytest.mark.run(order=23)\n    @pytest.mark.regression\n    # @pytest.mark.skip(reason=&amp;quot;skip for now&amp;quot;)\n    # @pytest.mark.flaky(reruns=3, reruns_delay=2)\n    def test_follow_and_unfollow_company(self):\n        self.logger.info(&amp;quot;****Started Network Connection Test****&amp;quot;)\n        self.logger.info(&amp;quot;****TC_05\tVerify Follow tab****&amp;quot;)\n        self.lp = LoginPage(self.driver)\n        self.logger.info(\n            &amp;quot;Entering SuperAdmin Credentials for login username &amp;quot; + self.username + &amp;quot; and password &amp;quot; + self.password)\n        self.lp.setUserName(self.username)\n        self.lp.setPassword(self.password)\n    \n        self.lp.clickLogin()\n        self.np = networksPage(self.driver)\n        self.np.clickNetworks()\n        self.np.setsearchField(self.CompanyManufacture)\n        # Verifying and Clicking on the company\n        # Assuming `self.driver` is your WebDriver instance\n        company_manufacture_xpath = &amp;quot;//span[contains(text(),&amp;#x27;&amp;quot; + self.CompanyManufacture + &amp;quot;&amp;#x27;)]&amp;quot;\n    \n        # Explicit wait for the element to be clickable\n        element = WebDriverWait(self.driver, 10).until(\n            EC.element_to_be_clickable((By.XPATH, company_manufacture_xpath))\n        )\n    \n        # Click the element\n        element.click()\n        time.sleep(1)\n        self.np.clickFollowButton()\n        time.sleep(1)\n        self.driver.back()\n        self.np.clickFOLLOWTab()\n    \n        self.np.setsearchField(self.CompanyManufacture)\n    \n        if &amp;quot;Following&amp;quot; in self.driver.page_source:\n            self.logger.info(&amp;quot;********** Following company successfully *********&amp;quot;)\n    \n        else:\n            # Log and take a screenshot\n            self.logger.error(&amp;quot;************** following company is failed **********&amp;quot;)\n            self.driver.save_screenshot(&amp;quot;.\\\\Screenshots\\\\&amp;quot; + &amp;quot;following_failed.png&amp;quot;)\n&amp;gt;           assert False\nE           assert False\n\ntestCases\\test_networks.py:491: AssertionError\n\n------------------------------ Captured log call -------------------------------\nINFO     root:BaseClass.py:23 ****Opening URL****\nINFO     root:test_networks.py:453 ****Started Network Connection Test****\nINFO     root:test_networks.py:454 ****TC_05\tVerify Follow tab****\nINFO     root:test_networks.py:456 Entering SuperAdmin Credentials for login username umsnq0c1@mailcatch.com and password Inlink@123\nERROR    root:test_networks.py:489 ************** following company is failed **********\n\n&#34;}], &#34;test_Order.py::TestNetworks::test_block_and_unblock_the_followed_company&#34;: [{&#34;extras&#34;: [], &#34;result&#34;: &#34;Passed&#34;, &#34;testId&#34;: &#34;test_Order.py::TestNetworks::test_block_and_unblock_the_followed_company&#34;, &#34;duration&#34;: &#34;00:01:04&#34;, &#34;resultsTableRow&#34;: [&#34;&lt;td class=\&#34;col-result\&#34;&gt;Passed&lt;/td&gt;&#34;, &#34;&lt;td class=\&#34;col-testId\&#34;&gt;test_Order.py::TestNetworks::test_block_and_unblock_the_followed_company&lt;/td&gt;&#34;, &#34;&lt;td class=\&#34;col-duration\&#34;&gt;00:01:04&lt;/td&gt;&#34;, &#34;&lt;td class=\&#34;col-links\&#34;&gt;&lt;/td&gt;&#34;], &#34;log&#34;: &#34;------------------------------ Captured log call -------------------------------\nINFO     root:BaseClass.py:23 ****Opening URL****\nINFO     root:test_networks.py:563 ****Started Network Connection Test****\nINFO     root:test_networks.py:564 ****TC_05\tVerify Follow tab****\nINFO     root:test_networks.py:566 Entering SuperAdmin Credentials for login username umsnq0c1@mailcatch.com and password Inlink@123\nINFO     root:test_networks.py:605 ********** Following company successfully *********\nINFO     root:test_networks.py:613 ******** Entering Requested company credentials for Network Connection ***********\nINFO     root:test_networks.py:621 Entering Requested company Credentials for Approve request Username:donu1ql@mailcatch.com and Password:Inlink@123\nINFO     root:test_networks.py:648 Text Found : \nINFO     root:test_networks.py:669 ********** Following company successfully *********\n\n&#34;}], &#34;test_Order.py::TestNetworks::test_ConnectionCompanyAsManufacturer&#34;: [{&#34;extras&#34;: [], &#34;result&#34;: &#34;Passed&#34;, &#34;testId&#34;: &#34;test_Order.py::TestNetworks::test_ConnectionCompanyAsManufacturer&#34;, &#34;duration&#34;: &#34;00:00:44&#34;, &#34;resultsTableRow&#34;: [&#34;&lt;td class=\&#34;col-result\&#34;&gt;Passed&lt;/td&gt;&#34;, &#34;&lt;td class=\&#34;col-testId\&#34;&gt;test_Order.py::TestNetworks::test_ConnectionCompanyAsManufacturer&lt;/td&gt;&#34;, &#34;&lt;td class=\&#34;col-duration\&#34;&gt;00:00:44&lt;/td&gt;&#34;, &#34;&lt;td class=\&#34;col-links\&#34;&gt;&lt;/td&gt;&#34;], &#34;log&#34;: &#34;------------------------------ Captured log call -------------------------------\nINFO     root:BaseClass.py:23 ****Opening URL****\nINFO     root:test_networks.py:146 ****Started Network Connection Test****\nINFO     root:test_networks.py:152 Entering SuperAdmin Credentials for login username donu1ql@mailcatch.com and password Inlink@123\nINFO     root:test_networks.py:189 Found error text: Network Connections\nINFO     root:test_networks.py:199 ******** Entering Requested company credentials for Network Connection ***********\nINFO     root:test_networks.py:200 Entering Requested company Credentials for Approve request Username:donu1ql@mailcatch.com and Password:Inlink@123\nINFO     root:test_networks.py:226 Found error text: Network Connections\n\n&#34;}], &#34;test_Order.py::TestNetworks::test_ConnectionCompanyAsPartner&#34;: [{&#34;extras&#34;: [], &#34;result&#34;: &#34;Passed&#34;, &#34;testId&#34;: &#34;test_Order.py::TestNetworks::test_ConnectionCompanyAsPartner&#34;, &#34;duration&#34;: &#34;00:00:47&#34;, &#34;resultsTableRow&#34;: [&#34;&lt;td class=\&#34;col-result\&#34;&gt;Passed&lt;/td&gt;&#34;, &#34;&lt;td class=\&#34;col-testId\&#34;&gt;test_Order.py::TestNetworks::test_ConnectionCompanyAsPartner&lt;/td&gt;&#34;, &#34;&lt;td class=\&#34;col-duration\&#34;&gt;00:00:47&lt;/td&gt;&#34;, &#34;&lt;td class=\&#34;col-links\&#34;&gt;&lt;/td&gt;&#34;], &#34;log&#34;: &#34;------------------------------ Captured log call -------------------------------\nINFO     root:BaseClass.py:23 ****Opening URL****\nINFO     root:test_networks.py:238 ****Started Network Connection Test****\nINFO     root:test_networks.py:244 Entering SuperAdmin Credentials for login username qaq1rj2@mailcatch.com and password Inlink@123\nINFO     root:test_networks.py:283 Found error text: Network Connections\nINFO     root:test_networks.py:293 ******** Entering Requested company credentials for Network Connection ***********\nINFO     root:test_networks.py:296 Entering Requested company Credentials for Approve request Username:umsnq0c1@mailcatch.com and Password:Inlink@123\nINFO     root:test_networks.py:331 Found error text: Network Connections\n\n&#34;}], &#34;test_Order.py::TestNetworks::test_ConnectionCompanyAsShareHolder&#34;: [{&#34;extras&#34;: [], &#34;result&#34;: &#34;Passed&#34;, &#34;testId&#34;: &#34;test_Order.py::TestNetworks::test_ConnectionCompanyAsShareHolder&#34;, &#34;duration&#34;: &#34;00:00:51&#34;, &#34;resultsTableRow&#34;: [&#34;&lt;td class=\&#34;col-result\&#34;&gt;Passed&lt;/td&gt;&#34;, &#34;&lt;td class=\&#34;col-testId\&#34;&gt;test_Order.py::TestNetworks::test_ConnectionCompanyAsShareHolder&lt;/td&gt;&#34;, &#34;&lt;td class=\&#34;col-duration\&#34;&gt;00:00:51&lt;/td&gt;&#34;, &#34;&lt;td class=\&#34;col-links\&#34;&gt;&lt;/td&gt;&#34;], &#34;log&#34;: &#34;------------------------------ Captured log call -------------------------------\nINFO     root:BaseClass.py:23 ****Opening URL****\nINFO     root:test_networks.py:344 ****Started Network Connection Test****\nINFO     root:test_networks.py:350 Entering SuperAdmin Credentials for login username bjqvi6d@mailcatch.com and password Inlink@123\nINFO     root:test_networks.py:389 Found error text: Network Connections\nINFO     root:test_networks.py:399 ******** Entering Requested company credentials for Network Connection ***********\nINFO     root:test_networks.py:402 Entering Requested company Credentials for Approve request Username:bjqvi6d@mailcatch.com and Password:Inlink@123\nINFO     root:test_networks.py:437 Found error text: Network Connections\n\n&#34;}], &#34;test_Order.py::TestMyProfile::test_BannerImage&#34;: [{&#34;extras&#34;: [], &#34;result&#34;: &#34;Failed&#34;, &#34;testId&#34;: &#34;test_Order.py::TestMyProfile::test_BannerImage&#34;, &#34;duration&#34;: &#34;00:00:26&#34;, &#34;resultsTableRow&#34;: [&#34;&lt;td class=\&#34;col-result\&#34;&gt;Failed&lt;/td&gt;&#34;, &#34;&lt;td class=\&#34;col-testId\&#34;&gt;test_Order.py::TestMyProfile::test_BannerImage&lt;/td&gt;&#34;, &#34;&lt;td class=\&#34;col-duration\&#34;&gt;00:00:26&lt;/td&gt;&#34;, &#34;&lt;td class=\&#34;col-links\&#34;&gt;&lt;/td&gt;&#34;], &#34;log&#34;: &#34;self = &amp;lt;SunithaTestCase.test_profilePage.TestMyProfile testMethod=test_BannerImage&amp;gt;\n\n    @pytest.mark.run(order=28)\n    @pytest.mark.regression\n    @pytest.mark.flaky(rerun=3, rerun_delay=2)\n    # @pytest.mark.skip(reason=&amp;quot;skipping this test&amp;quot;)\n    def test_BannerImage(self):  # def test_loginTitle(self):self #def test_ProfileUploading\n        self.lp = LoginPage(self.driver)\n        self.lp.setUserName(self.username)\n        self.lp.setpassword(self.password)\n        self.lp.clickLogin()\n        self.my = MyprofilePage(self.driver)\n        self.my.clickMyProfileModule()\n    \n        # Banner image uploading----------------------------------------------------------------------\n        self.logger.info(&amp;quot;****** TC_24\tVerify the Profile  Banner image upload/update/save/delete  *****&amp;quot;)\n        self.my.uploadBannerImage(self.absolute_path3)\n        self.my.SaveBannerImage()\n    \n        xpath = &amp;quot;//div[contains(text(),&amp;#x27;Banner image uploaded successfully.&amp;#x27;)]&amp;quot;\n        try:\n            # Use WebDriverWait to wait for the element to be present\n&amp;gt;           element = WebDriverWait(self.driver, 10).until(\n                EC.presence_of_element_located((By.XPATH, xpath))\n            )\n\nSunithaTestCase\\test_profilePage.py:96: \n_ _ _ _ _ _ _ _ _ _ _ _ _ _ _ _ _ _ _ _ _ _ _ _ _ _ _ _ _ _ _ _ _ _ _ _ _ _ _ _ _ _ _ _ _ _ _ _ _ _ _ _ _ _ _ _ _ _ _ _ _ _ _ _ _ _ _ _ _ _ _ _ _ _\n\nself = &amp;lt;selenium.webdriver.support.wait.WebDriverWait (session=&amp;quot;5f23ca6a98dc21cd903112d1cbb4418f&amp;quot;)&amp;gt;\nmethod = &amp;lt;function presence_of_element_located.&amp;lt;locals&amp;gt;._predicate at 0x000001E6F876B6A0&amp;gt;, message = &amp;#x27;&amp;#x27;\n\n    def until(self, method: Callable[[D], Union[Literal[False], T]], message: str = &amp;quot;&amp;quot;) -&amp;gt; T:\n        &amp;quot;&amp;quot;&amp;quot;Calls the method provided with the driver as an argument until the \\\n        return value does not evaluate to ``False``.\n    \n        :param method: callable(WebDriver)\n        :param message: optional message for :exc:`TimeoutException`\n        :returns: the result of the last call to `method`\n        :raises: :exc:`selenium.common.exceptions.TimeoutException` if timeout occurs\n        &amp;quot;&amp;quot;&amp;quot;\n        screen = None\n        stacktrace = None\n    \n        end_time = time.monotonic() + self._timeout\n        while True:\n            try:\n                value = method(self._driver)\n                if value:\n                    return value\n            except self._ignored_exceptions as exc:\n                screen = getattr(exc, &amp;quot;screen&amp;quot;, None)\n                stacktrace = getattr(exc, &amp;quot;stacktrace&amp;quot;, None)\n            time.sleep(self._poll)\n            if time.monotonic() &amp;gt; end_time:\n                break\n&amp;gt;       raise TimeoutException(message, screen, stacktrace)\nE       selenium.common.exceptions.TimeoutException: Message: \nE       Stacktrace:\nE       \tGetHandleVerifier [0x00007FF6A0FFAD22+56930]\nE       \t(No symbol) [0x00007FF6A0F6F622]\nE       \t(No symbol) [0x00007FF6A0E242E5]\nE       \t(No symbol) [0x00007FF6A0E698ED]\nE       \t(No symbol) [0x00007FF6A0E69A2C]\nE       \t(No symbol) [0x00007FF6A0EAA967]\nE       \t(No symbol) [0x00007FF6A0E8BCDF]\nE       \t(No symbol) [0x00007FF6A0EA81E2]\nE       \t(No symbol) [0x00007FF6A0E8BA43]\nE       \t(No symbol) [0x00007FF6A0E5D438]\nE       \t(No symbol) [0x00007FF6A0E5E4D1]\nE       \tGetHandleVerifier [0x00007FF6A1376AAD+3709933]\nE       \tGetHandleVerifier [0x00007FF6A13CFFED+4075821]\nE       \tGetHandleVerifier [0x00007FF6A13C817F+4043455]\nE       \tGetHandleVerifier [0x00007FF6A1099756+706710]\nE       \t(No symbol) [0x00007FF6A0F7B8FF]\nE       \t(No symbol) [0x00007FF6A0F76AE4]\nE       \t(No symbol) [0x00007FF6A0F76C3C]\nE       \t(No symbol) [0x00007FF6A0F668F4]\nE       \tBaseThreadInitThunk [0x00007FFE7F8F257D+29]\nE       \tRtlUserThreadStart [0x00007FFE803CAA58+40]\n\n..\\AutomationFramework\\venv\\Lib\\site-packages\\selenium\\webdriver\\support\\wait.py:105: TimeoutException\n\nDuring handling of the above exception, another exception occurred:\n\nself = &amp;lt;SunithaTestCase.test_profilePage.TestMyProfile testMethod=test_BannerImage&amp;gt;\n\n    @pytest.mark.run(order=28)\n    @pytest.mark.regression\n    @pytest.mark.flaky(rerun=3, rerun_delay=2)\n    # @pytest.mark.skip(reason=&amp;quot;skipping this test&amp;quot;)\n    def test_BannerImage(self):  # def test_loginTitle(self):self #def test_ProfileUploading\n        self.lp = LoginPage(self.driver)\n        self.lp.setUserName(self.username)\n        self.lp.setpassword(self.password)\n        self.lp.clickLogin()\n        self.my = MyprofilePage(self.driver)\n        self.my.clickMyProfileModule()\n    \n        # Banner image uploading----------------------------------------------------------------------\n        self.logger.info(&amp;quot;****** TC_24\tVerify the Profile  Banner image upload/update/save/delete  *****&amp;quot;)\n        self.my.uploadBannerImage(self.absolute_path3)\n        self.my.SaveBannerImage()\n    \n        xpath = &amp;quot;//div[contains(text(),&amp;#x27;Banner image uploaded successfully.&amp;#x27;)]&amp;quot;\n        try:\n            # Use WebDriverWait to wait for the element to be present\n            element = WebDriverWait(self.driver, 10).until(\n                EC.presence_of_element_located((By.XPATH, xpath))\n            )\n            self.logger.info(f&amp;quot;Text Found : {element.text}&amp;quot;)\n            assert True\n        except:\n            self.logger.info(f&amp;quot;Text Not Found&amp;quot;)\n            self.driver.save_screenshot(&amp;quot;.\\\\ScreenShots\\\\&amp;quot; + &amp;quot;test_MediaDriveVerify.png&amp;quot;)\n&amp;gt;           assert False\nE           assert False\n\nSunithaTestCase\\test_profilePage.py:104: AssertionError\n\n------------------------------ Captured log call -------------------------------\nINFO     root:BaseClass.py:23 ****Opening URL****\nINFO     root:test_profilePage.py:89 ****** TC_24\tVerify the Profile  Banner image upload/update/save/delete  *****\nINFO     root:test_profilePage.py:102 Text Not Found\n\n&#34;}], &#34;test_Order.py::TestMyProfile::test_profileImages&#34;: [{&#34;extras&#34;: [], &#34;result&#34;: &#34;Failed&#34;, &#34;testId&#34;: &#34;test_Order.py::TestMyProfile::test_profileImages&#34;, &#34;duration&#34;: &#34;00:00:32&#34;, &#34;resultsTableRow&#34;: [&#34;&lt;td class=\&#34;col-result\&#34;&gt;Failed&lt;/td&gt;&#34;, &#34;&lt;td class=\&#34;col-testId\&#34;&gt;test_Order.py::TestMyProfile::test_profileImages&lt;/td&gt;&#34;, &#34;&lt;td class=\&#34;col-duration\&#34;&gt;00:00:32&lt;/td&gt;&#34;, &#34;&lt;td class=\&#34;col-links\&#34;&gt;&lt;/td&gt;&#34;], &#34;log&#34;: &#34;self = &amp;lt;SunithaTestCase.test_profilePage.TestMyProfile testMethod=test_profileImages&amp;gt;\n\n    @pytest.mark.run(order=29)\n    @pytest.mark.regression\n    @pytest.mark.krishna\n    # @pytest.mark.skip(reason=&amp;quot;skipping this test&amp;quot;)\n    def test_profileImages(self):\n        self.lp = LoginPage(self.driver)\n        self.lp.setUserName(self.username)\n        self.lp.setpassword(self.password)\n        self.lp.clickLogin()\n        self.my = MyprofilePage(self.driver)\n        self.my.clickMyProfileModule()\n        time.sleep(3)\n        self.logger.info(&amp;quot;****** TC_24\tVerify the Profile  Banner image upload/update/save/delete  *****&amp;quot;)\n        self.my.setprofileImage(self.absolute_path5)\n    \n        self.my.saveProfileImage()\n        time.sleep(1)\n        xpath = &amp;quot;//div[contains(text(),&amp;#x27;Profile image uploaded successfully.&amp;#x27;)]&amp;quot;\n        try:\n            # Use WebDriverWait to wait for the element to be present\n&amp;gt;           element = WebDriverWait(self.driver, 10).until(\n                EC.presence_of_element_located((By.XPATH, xpath))\n            )\n\nSunithaTestCase\\test_profilePage.py:167: \n_ _ _ _ _ _ _ _ _ _ _ _ _ _ _ _ _ _ _ _ _ _ _ _ _ _ _ _ _ _ _ _ _ _ _ _ _ _ _ _ _ _ _ _ _ _ _ _ _ _ _ _ _ _ _ _ _ _ _ _ _ _ _ _ _ _ _ _ _ _ _ _ _ _\n\nself = &amp;lt;selenium.webdriver.support.wait.WebDriverWait (session=&amp;quot;eca93cf25d906114505608ce1200e2ea&amp;quot;)&amp;gt;\nmethod = &amp;lt;function presence_of_element_located.&amp;lt;locals&amp;gt;._predicate at 0x000001E6F9BB58A0&amp;gt;, message = &amp;#x27;&amp;#x27;\n\n    def until(self, method: Callable[[D], Union[Literal[False], T]], message: str = &amp;quot;&amp;quot;) -&amp;gt; T:\n        &amp;quot;&amp;quot;&amp;quot;Calls the method provided with the driver as an argument until the \\\n        return value does not evaluate to ``False``.\n    \n        :param method: callable(WebDriver)\n        :param message: optional message for :exc:`TimeoutException`\n        :returns: the result of the last call to `method`\n        :raises: :exc:`selenium.common.exceptions.TimeoutException` if timeout occurs\n        &amp;quot;&amp;quot;&amp;quot;\n        screen = None\n        stacktrace = None\n    \n        end_time = time.monotonic() + self._timeout\n        while True:\n            try:\n                value = method(self._driver)\n                if value:\n                    return value\n            except self._ignored_exceptions as exc:\n                screen = getattr(exc, &amp;quot;screen&amp;quot;, None)\n                stacktrace = getattr(exc, &amp;quot;stacktrace&amp;quot;, None)\n            time.sleep(self._poll)\n            if time.monotonic() &amp;gt; end_time:\n                break\n&amp;gt;       raise TimeoutException(message, screen, stacktrace)\nE       selenium.common.exceptions.TimeoutException: Message: \nE       Stacktrace:\nE       \tGetHandleVerifier [0x00007FF6A0FFAD22+56930]\nE       \t(No symbol) [0x00007FF6A0F6F622]\nE       \t(No symbol) [0x00007FF6A0E242E5]\nE       \t(No symbol) [0x00007FF6A0E698ED]\nE       \t(No symbol) [0x00007FF6A0E69A2C]\nE       \t(No symbol) [0x00007FF6A0EAA967]\nE       \t(No symbol) [0x00007FF6A0E8BCDF]\nE       \t(No symbol) [0x00007FF6A0EA81E2]\nE       \t(No symbol) [0x00007FF6A0E8BA43]\nE       \t(No symbol) [0x00007FF6A0E5D438]\nE       \t(No symbol) [0x00007FF6A0E5E4D1]\nE       \tGetHandleVerifier [0x00007FF6A1376AAD+3709933]\nE       \tGetHandleVerifier [0x00007FF6A13CFFED+4075821]\nE       \tGetHandleVerifier [0x00007FF6A13C817F+4043455]\nE       \tGetHandleVerifier [0x00007FF6A1099756+706710]\nE       \t(No symbol) [0x00007FF6A0F7B8FF]\nE       \t(No symbol) [0x00007FF6A0F76AE4]\nE       \t(No symbol) [0x00007FF6A0F76C3C]\nE       \t(No symbol) [0x00007FF6A0F668F4]\nE       \tBaseThreadInitThunk [0x00007FFE7F8F257D+29]\nE       \tRtlUserThreadStart [0x00007FFE803CAA58+40]\n\n..\\AutomationFramework\\venv\\Lib\\site-packages\\selenium\\webdriver\\support\\wait.py:105: TimeoutException\n\nDuring handling of the above exception, another exception occurred:\n\nself = &amp;lt;SunithaTestCase.test_profilePage.TestMyProfile testMethod=test_profileImages&amp;gt;\n\n    @pytest.mark.run(order=29)\n    @pytest.mark.regression\n    @pytest.mark.krishna\n    # @pytest.mark.skip(reason=&amp;quot;skipping this test&amp;quot;)\n    def test_profileImages(self):\n        self.lp = LoginPage(self.driver)\n        self.lp.setUserName(self.username)\n        self.lp.setpassword(self.password)\n        self.lp.clickLogin()\n        self.my = MyprofilePage(self.driver)\n        self.my.clickMyProfileModule()\n        time.sleep(3)\n        self.logger.info(&amp;quot;****** TC_24\tVerify the Profile  Banner image upload/update/save/delete  *****&amp;quot;)\n        self.my.setprofileImage(self.absolute_path5)\n    \n        self.my.saveProfileImage()\n        time.sleep(1)\n        xpath = &amp;quot;//div[contains(text(),&amp;#x27;Profile image uploaded successfully.&amp;#x27;)]&amp;quot;\n        try:\n            # Use WebDriverWait to wait for the element to be present\n            element = WebDriverWait(self.driver, 10).until(\n                EC.presence_of_element_located((By.XPATH, xpath))\n            )\n            self.logger.info(f&amp;quot;Text Found : {element.text}&amp;quot;)\n            assert True\n        except:\n            self.logger.info(f&amp;quot;Text Not Found&amp;quot;)\n            self.driver.save_screenshot(&amp;quot;.\\\\ScreenShots\\\\&amp;quot; + &amp;quot;test_MediaDriveVerify.png&amp;quot;)\n&amp;gt;           assert False\nE           assert False\n\nSunithaTestCase\\test_profilePage.py:175: AssertionError\n\n------------------------------ Captured log call -------------------------------\nINFO     root:BaseClass.py:23 ****Opening URL****\nINFO     root:test_profilePage.py:159 ****** TC_24\tVerify the Profile  Banner image upload/update/save/delete  *****\nINFO     root:test_profilePage.py:173 Text Not Found\n\n&#34;}], &#34;test_Order.py::TestMyProfile::test_RequiredDetails&#34;: [{&#34;extras&#34;: [], &#34;result&#34;: &#34;Passed&#34;, &#34;testId&#34;: &#34;test_Order.py::TestMyProfile::test_RequiredDetails&#34;, &#34;duration&#34;: &#34;00:00:32&#34;, &#34;resultsTableRow&#34;: [&#34;&lt;td class=\&#34;col-result\&#34;&gt;Passed&lt;/td&gt;&#34;, &#34;&lt;td class=\&#34;col-testId\&#34;&gt;test_Order.py::TestMyProfile::test_RequiredDetails&lt;/td&gt;&#34;, &#34;&lt;td class=\&#34;col-duration\&#34;&gt;00:00:32&lt;/td&gt;&#34;, &#34;&lt;td class=\&#34;col-links\&#34;&gt;&lt;/td&gt;&#34;], &#34;log&#34;: &#34;------------------------------ Captured log call -------------------------------\nINFO     root:BaseClass.py:23 ****Opening URL****\nINFO     root:test_profilePage.py:227 ****** TC_29\tVerify the displaying Required details by Edit  *****\nINFO     root:test_profilePage.py:244 Text Found :\n\n&#34;}], &#34;test_Order.py::TestMyProfile::test_OverView&#34;: [{&#34;extras&#34;: [], &#34;result&#34;: &#34;Passed&#34;, &#34;testId&#34;: &#34;test_Order.py::TestMyProfile::test_OverView&#34;, &#34;duration&#34;: &#34;00:00:20&#34;, &#34;resultsTableRow&#34;: [&#34;&lt;td class=\&#34;col-result\&#34;&gt;Passed&lt;/td&gt;&#34;, &#34;&lt;td class=\&#34;col-testId\&#34;&gt;test_Order.py::TestMyProfile::test_OverView&lt;/td&gt;&#34;, &#34;&lt;td class=\&#34;col-duration\&#34;&gt;00:00:20&lt;/td&gt;&#34;, &#34;&lt;td class=\&#34;col-links\&#34;&gt;&lt;/td&gt;&#34;], &#34;log&#34;: &#34;------------------------------ Captured log call -------------------------------\nINFO     root:BaseClass.py:23 ****Opening URL****\nINFO     root:test_profilePage.py:264 ****** TC_30\tVerify the Overview, by Add, Save and Update *****\nINFO     root:test_profilePage.py:274 Text Found :\n\n&#34;}], &#34;test_Order.py::TestMyProfile::test_PersonalDetails&#34;: [{&#34;extras&#34;: [], &#34;result&#34;: &#34;Passed&#34;, &#34;testId&#34;: &#34;test_Order.py::TestMyProfile::test_PersonalDetails&#34;, &#34;duration&#34;: &#34;00:00:26&#34;, &#34;resultsTableRow&#34;: [&#34;&lt;td class=\&#34;col-result\&#34;&gt;Passed&lt;/td&gt;&#34;, &#34;&lt;td class=\&#34;col-testId\&#34;&gt;test_Order.py::TestMyProfile::test_PersonalDetails&lt;/td&gt;&#34;, &#34;&lt;td class=\&#34;col-duration\&#34;&gt;00:00:26&lt;/td&gt;&#34;, &#34;&lt;td class=\&#34;col-links\&#34;&gt;&lt;/td&gt;&#34;], &#34;log&#34;: &#34;------------------------------ Captured log call -------------------------------\nINFO     root:BaseClass.py:23 ****Opening URL****\nINFO     root:test_profilePage.py:298 ****** TC_34\tVerify Personal details, by Add, Save and Update the data *****\nINFO     root:test_profilePage.py:317 Text Found : Profile updated successfully\n\n&#34;}], &#34;test_Order.py::TestMyProfile::test_EducationalDetails&#34;: [{&#34;extras&#34;: [], &#34;result&#34;: &#34;Passed&#34;, &#34;testId&#34;: &#34;test_Order.py::TestMyProfile::test_EducationalDetails&#34;, &#34;duration&#34;: &#34;00:00:25&#34;, &#34;resultsTableRow&#34;: [&#34;&lt;td class=\&#34;col-result\&#34;&gt;Passed&lt;/td&gt;&#34;, &#34;&lt;td class=\&#34;col-testId\&#34;&gt;test_Order.py::TestMyProfile::test_EducationalDetails&lt;/td&gt;&#34;, &#34;&lt;td class=\&#34;col-duration\&#34;&gt;00:00:25&lt;/td&gt;&#34;, &#34;&lt;td class=\&#34;col-links\&#34;&gt;&lt;/td&gt;&#34;], &#34;log&#34;: &#34;------------------------------ Captured log call -------------------------------\nINFO     root:BaseClass.py:23 ****Opening URL****\nINFO     root:test_profilePage.py:340 ****** TC_36\tVerify Educational details, by Add, Save and Update *****\nINFO     root:test_profilePage.py:355 Text Found : Profile updated successfully\n\n&#34;}], &#34;test_Order.py::TestMyProfile::test_Address&#34;: [{&#34;extras&#34;: [], &#34;result&#34;: &#34;Passed&#34;, &#34;testId&#34;: &#34;test_Order.py::TestMyProfile::test_Address&#34;, &#34;duration&#34;: &#34;00:00:29&#34;, &#34;resultsTableRow&#34;: [&#34;&lt;td class=\&#34;col-result\&#34;&gt;Passed&lt;/td&gt;&#34;, &#34;&lt;td class=\&#34;col-testId\&#34;&gt;test_Order.py::TestMyProfile::test_Address&lt;/td&gt;&#34;, &#34;&lt;td class=\&#34;col-duration\&#34;&gt;00:00:29&lt;/td&gt;&#34;, &#34;&lt;td class=\&#34;col-links\&#34;&gt;&lt;/td&gt;&#34;], &#34;log&#34;: &#34;------------------------------ Captured log call -------------------------------\nINFO     root:BaseClass.py:23 ****Opening URL****\nINFO     root:test_profilePage.py:382 ****** TC_40\tVerify Address details, by Add, Save and Update *****\nINFO     root:test_profilePage.py:407 Text Found :\n\n&#34;}], &#34;test_Order.py::TestMyProfile::test_SocialMediaLinks&#34;: [{&#34;extras&#34;: [], &#34;result&#34;: &#34;Passed&#34;, &#34;testId&#34;: &#34;test_Order.py::TestMyProfile::test_SocialMediaLinks&#34;, &#34;duration&#34;: &#34;00:00:23&#34;, &#34;resultsTableRow&#34;: [&#34;&lt;td class=\&#34;col-result\&#34;&gt;Passed&lt;/td&gt;&#34;, &#34;&lt;td class=\&#34;col-testId\&#34;&gt;test_Order.py::TestMyProfile::test_SocialMediaLinks&lt;/td&gt;&#34;, &#34;&lt;td class=\&#34;col-duration\&#34;&gt;00:00:23&lt;/td&gt;&#34;, &#34;&lt;td class=\&#34;col-links\&#34;&gt;&lt;/td&gt;&#34;], &#34;log&#34;: &#34;------------------------------ Captured log call -------------------------------\nINFO     root:BaseClass.py:23 ****Opening URL****\nINFO     root:test_profilePage.py:429 ****** TC_38\tVerify Social Media Links details, by Add, Save and Update *****\nINFO     root:test_profilePage.py:443 Text Found :\n\n&#34;}], &#34;test_Order.py::TestCompanyProfile::test_BannerImage&#34;: [{&#34;extras&#34;: [], &#34;result&#34;: &#34;Failed&#34;, &#34;testId&#34;: &#34;test_Order.py::TestCompanyProfile::test_BannerImage&#34;, &#34;duration&#34;: &#34;00:00:28&#34;, &#34;resultsTableRow&#34;: [&#34;&lt;td class=\&#34;col-result\&#34;&gt;Failed&lt;/td&gt;&#34;, &#34;&lt;td class=\&#34;col-testId\&#34;&gt;test_Order.py::TestCompanyProfile::test_BannerImage&lt;/td&gt;&#34;, &#34;&lt;td class=\&#34;col-duration\&#34;&gt;00:00:28&lt;/td&gt;&#34;, &#34;&lt;td class=\&#34;col-links\&#34;&gt;&lt;/td&gt;&#34;], &#34;log&#34;: &#34;self = &amp;lt;SunithaTestCase.test_CompanyProfile.TestCompanyProfile testMethod=test_BannerImage&amp;gt;\n\n    @pytest.mark.regression\n    @pytest.mark.run(order=36)\n    # @pytest.mark.skip(reason=&amp;quot;skipping this test&amp;quot;)\n    def test_BannerImage(self):\n        self.lp = LoginPage(self.driver)\n        self.lp.setUserName(self.username)\n        self.lp.setpassword(self.password)\n        self.lp.clickLogin()\n        self.lp.clickCompanyProfile()\n        self.logger.info(&amp;quot;****** TC_01\tVerify the Banner image/upload/save/edit/delete *****&amp;quot;)\n        self.lp.BannerImageClick(self.absolute_path3)\n        self.lp.SaveBannerImage()\n        # time.sleep(3)\n    \n        xpath = &amp;quot;// div[contains(text(), &amp;#x27;Banner image uploaded successfully.&amp;#x27;)]&amp;quot;\n        try:\n            # Use WebDriverWait to wait for the element to be present\n&amp;gt;           element = WebDriverWait(self.driver, 10).until(\n                EC.presence_of_element_located((By.XPATH, xpath))\n            )\n\nSunithaTestCase\\test_CompanyProfile.py:97: \n_ _ _ _ _ _ _ _ _ _ _ _ _ _ _ _ _ _ _ _ _ _ _ _ _ _ _ _ _ _ _ _ _ _ _ _ _ _ _ _ _ _ _ _ _ _ _ _ _ _ _ _ _ _ _ _ _ _ _ _ _ _ _ _ _ _ _ _ _ _ _ _ _ _\n\nself = &amp;lt;selenium.webdriver.support.wait.WebDriverWait (session=&amp;quot;c97476ac0392875c04c0ca4729c5e6bf&amp;quot;)&amp;gt;\nmethod = &amp;lt;function presence_of_element_located.&amp;lt;locals&amp;gt;._predicate at 0x000001E6F9BB65C0&amp;gt;, message = &amp;#x27;&amp;#x27;\n\n    def until(self, method: Callable[[D], Union[Literal[False], T]], message: str = &amp;quot;&amp;quot;) -&amp;gt; T:\n        &amp;quot;&amp;quot;&amp;quot;Calls the method provided with the driver as an argument until the \\\n        return value does not evaluate to ``False``.\n    \n        :param method: callable(WebDriver)\n        :param message: optional message for :exc:`TimeoutException`\n        :returns: the result of the last call to `method`\n        :raises: :exc:`selenium.common.exceptions.TimeoutException` if timeout occurs\n        &amp;quot;&amp;quot;&amp;quot;\n        screen = None\n        stacktrace = None\n    \n        end_time = time.monotonic() + self._timeout\n        while True:\n            try:\n                value = method(self._driver)\n                if value:\n                    return value\n            except self._ignored_exceptions as exc:\n                screen = getattr(exc, &amp;quot;screen&amp;quot;, None)\n                stacktrace = getattr(exc, &amp;quot;stacktrace&amp;quot;, None)\n            time.sleep(self._poll)\n            if time.monotonic() &amp;gt; end_time:\n                break\n&amp;gt;       raise TimeoutException(message, screen, stacktrace)\nE       selenium.common.exceptions.TimeoutException: Message: \nE       Stacktrace:\nE       \tGetHandleVerifier [0x00007FF6A0FFAD22+56930]\nE       \t(No symbol) [0x00007FF6A0F6F622]\nE       \t(No symbol) [0x00007FF6A0E242E5]\nE       \t(No symbol) [0x00007FF6A0E698ED]\nE       \t(No symbol) [0x00007FF6A0E69A2C]\nE       \t(No symbol) [0x00007FF6A0EAA967]\nE       \t(No symbol) [0x00007FF6A0E8BCDF]\nE       \t(No symbol) [0x00007FF6A0EA81E2]\nE       \t(No symbol) [0x00007FF6A0E8BA43]\nE       \t(No symbol) [0x00007FF6A0E5D438]\nE       \t(No symbol) [0x00007FF6A0E5E4D1]\nE       \tGetHandleVerifier [0x00007FF6A1376AAD+3709933]\nE       \tGetHandleVerifier [0x00007FF6A13CFFED+4075821]\nE       \tGetHandleVerifier [0x00007FF6A13C817F+4043455]\nE       \tGetHandleVerifier [0x00007FF6A1099756+706710]\nE       \t(No symbol) [0x00007FF6A0F7B8FF]\nE       \t(No symbol) [0x00007FF6A0F76AE4]\nE       \t(No symbol) [0x00007FF6A0F76C3C]\nE       \t(No symbol) [0x00007FF6A0F668F4]\nE       \tBaseThreadInitThunk [0x00007FFE7F8F257D+29]\nE       \tRtlUserThreadStart [0x00007FFE803CAA58+40]\n\n..\\AutomationFramework\\venv\\Lib\\site-packages\\selenium\\webdriver\\support\\wait.py:105: TimeoutException\n\nDuring handling of the above exception, another exception occurred:\n\nself = &amp;lt;SunithaTestCase.test_CompanyProfile.TestCompanyProfile testMethod=test_BannerImage&amp;gt;\n\n    @pytest.mark.regression\n    @pytest.mark.run(order=36)\n    # @pytest.mark.skip(reason=&amp;quot;skipping this test&amp;quot;)\n    def test_BannerImage(self):\n        self.lp = LoginPage(self.driver)\n        self.lp.setUserName(self.username)\n        self.lp.setpassword(self.password)\n        self.lp.clickLogin()\n        self.lp.clickCompanyProfile()\n        self.logger.info(&amp;quot;****** TC_01\tVerify the Banner image/upload/save/edit/delete *****&amp;quot;)\n        self.lp.BannerImageClick(self.absolute_path3)\n        self.lp.SaveBannerImage()\n        # time.sleep(3)\n    \n        xpath = &amp;quot;// div[contains(text(), &amp;#x27;Banner image uploaded successfully.&amp;#x27;)]&amp;quot;\n        try:\n            # Use WebDriverWait to wait for the element to be present\n            element = WebDriverWait(self.driver, 10).until(\n                EC.presence_of_element_located((By.XPATH, xpath))\n            )\n            self.logger.info(f&amp;quot;Text Found : {element.text}&amp;quot;)\n            assert True\n        except:\n            self.logger.info(f&amp;quot;Text Not Found&amp;quot;)\n            self.driver.save_screenshot(&amp;quot;.\\\\ScreenShots\\\\&amp;quot; + &amp;quot;test_MediaDriveVerify.png&amp;quot;)\n&amp;gt;           assert False\nE           assert False\n\nSunithaTestCase\\test_CompanyProfile.py:105: AssertionError\n\n------------------------------ Captured log call -------------------------------\nINFO     root:BaseClass.py:23 ****Opening URL****\nINFO     root:test_CompanyProfile.py:89 ****** TC_01\tVerify the Banner image/upload/save/edit/delete *****\nINFO     root:test_CompanyProfile.py:103 Text Not Found\n\n&#34;}], &#34;test_Order.py::TestCompanyProfile::test_ProfileImage&#34;: [{&#34;extras&#34;: [], &#34;result&#34;: &#34;Failed&#34;, &#34;testId&#34;: &#34;test_Order.py::TestCompanyProfile::test_ProfileImage&#34;, &#34;duration&#34;: &#34;00:00:27&#34;, &#34;resultsTableRow&#34;: [&#34;&lt;td class=\&#34;col-result\&#34;&gt;Failed&lt;/td&gt;&#34;, &#34;&lt;td class=\&#34;col-testId\&#34;&gt;test_Order.py::TestCompanyProfile::test_ProfileImage&lt;/td&gt;&#34;, &#34;&lt;td class=\&#34;col-duration\&#34;&gt;00:00:27&lt;/td&gt;&#34;, &#34;&lt;td class=\&#34;col-links\&#34;&gt;&lt;/td&gt;&#34;], &#34;log&#34;: &#34;self = &amp;lt;SunithaTestCase.test_CompanyProfile.TestCompanyProfile testMethod=test_ProfileImage&amp;gt;\n\n    @pytest.mark.run(order=37)\n    # @pytest.mark.test\n    @pytest.mark.regression\n    # @pytest.mark.skip(reason=&amp;quot;skipping this test&amp;quot;)\n    def test_ProfileImage(self):\n        self.lp = LoginPage(self.driver)\n        self.lp.setUserName(self.username)\n        self.lp.setpassword(self.password)\n        self.lp.clickLogin()\n        self.lp.clickCompanyProfile()\n        self.logger.info(&amp;quot;****** TC_03\tVerify the Profile  image Upload/edit/save/delete  *****&amp;quot;)\n        self.lp.ProfileImageClick(self.absolute_path5)\n        self.lp.SaveProfileImage()\n    \n        xpath = &amp;quot;// div[contains(text(), &amp;#x27;Profile image uploaded successfully.&amp;#x27;)]&amp;quot;\n        try:\n            # Use WebDriverWait to wait for the element to be present\n&amp;gt;           element = WebDriverWait(self.driver, 10).until(\n                EC.presence_of_element_located((By.XPATH, xpath))\n            )\n\nSunithaTestCase\\test_CompanyProfile.py:163: \n_ _ _ _ _ _ _ _ _ _ _ _ _ _ _ _ _ _ _ _ _ _ _ _ _ _ _ _ _ _ _ _ _ _ _ _ _ _ _ _ _ _ _ _ _ _ _ _ _ _ _ _ _ _ _ _ _ _ _ _ _ _ _ _ _ _ _ _ _ _ _ _ _ _\n\nself = &amp;lt;selenium.webdriver.support.wait.WebDriverWait (session=&amp;quot;7e89dbc3fcb96e82c7dbd0bb5e8e49e1&amp;quot;)&amp;gt;\nmethod = &amp;lt;function presence_of_element_located.&amp;lt;locals&amp;gt;._predicate at 0x000001E6F9B72340&amp;gt;, message = &amp;#x27;&amp;#x27;\n\n    def until(self, method: Callable[[D], Union[Literal[False], T]], message: str = &amp;quot;&amp;quot;) -&amp;gt; T:\n        &amp;quot;&amp;quot;&amp;quot;Calls the method provided with the driver as an argument until the \\\n        return value does not evaluate to ``False``.\n    \n        :param method: callable(WebDriver)\n        :param message: optional message for :exc:`TimeoutException`\n        :returns: the result of the last call to `method`\n        :raises: :exc:`selenium.common.exceptions.TimeoutException` if timeout occurs\n        &amp;quot;&amp;quot;&amp;quot;\n        screen = None\n        stacktrace = None\n    \n        end_time = time.monotonic() + self._timeout\n        while True:\n            try:\n                value = method(self._driver)\n                if value:\n                    return value\n            except self._ignored_exceptions as exc:\n                screen = getattr(exc, &amp;quot;screen&amp;quot;, None)\n                stacktrace = getattr(exc, &amp;quot;stacktrace&amp;quot;, None)\n            time.sleep(self._poll)\n            if time.monotonic() &amp;gt; end_time:\n                break\n&amp;gt;       raise TimeoutException(message, screen, stacktrace)\nE       selenium.common.exceptions.TimeoutException: Message: \nE       Stacktrace:\nE       \tGetHandleVerifier [0x00007FF6A0FFAD22+56930]\nE       \t(No symbol) [0x00007FF6A0F6F622]\nE       \t(No symbol) [0x00007FF6A0E242E5]\nE       \t(No symbol) [0x00007FF6A0E698ED]\nE       \t(No symbol) [0x00007FF6A0E69A2C]\nE       \t(No symbol) [0x00007FF6A0EAA967]\nE       \t(No symbol) [0x00007FF6A0E8BCDF]\nE       \t(No symbol) [0x00007FF6A0EA81E2]\nE       \t(No symbol) [0x00007FF6A0E8BA43]\nE       \t(No symbol) [0x00007FF6A0E5D438]\nE       \t(No symbol) [0x00007FF6A0E5E4D1]\nE       \tGetHandleVerifier [0x00007FF6A1376AAD+3709933]\nE       \tGetHandleVerifier [0x00007FF6A13CFFED+4075821]\nE       \tGetHandleVerifier [0x00007FF6A13C817F+4043455]\nE       \tGetHandleVerifier [0x00007FF6A1099756+706710]\nE       \t(No symbol) [0x00007FF6A0F7B8FF]\nE       \t(No symbol) [0x00007FF6A0F76AE4]\nE       \t(No symbol) [0x00007FF6A0F76C3C]\nE       \t(No symbol) [0x00007FF6A0F668F4]\nE       \tBaseThreadInitThunk [0x00007FFE7F8F257D+29]\nE       \tRtlUserThreadStart [0x00007FFE803CAA58+40]\n\n..\\AutomationFramework\\venv\\Lib\\site-packages\\selenium\\webdriver\\support\\wait.py:105: TimeoutException\n\nDuring handling of the above exception, another exception occurred:\n\nself = &amp;lt;SunithaTestCase.test_CompanyProfile.TestCompanyProfile testMethod=test_ProfileImage&amp;gt;\n\n    @pytest.mark.run(order=37)\n    # @pytest.mark.test\n    @pytest.mark.regression\n    # @pytest.mark.skip(reason=&amp;quot;skipping this test&amp;quot;)\n    def test_ProfileImage(self):\n        self.lp = LoginPage(self.driver)\n        self.lp.setUserName(self.username)\n        self.lp.setpassword(self.password)\n        self.lp.clickLogin()\n        self.lp.clickCompanyProfile()\n        self.logger.info(&amp;quot;****** TC_03\tVerify the Profile  image Upload/edit/save/delete  *****&amp;quot;)\n        self.lp.ProfileImageClick(self.absolute_path5)\n        self.lp.SaveProfileImage()\n    \n        xpath = &amp;quot;// div[contains(text(), &amp;#x27;Profile image uploaded successfully.&amp;#x27;)]&amp;quot;\n        try:\n            # Use WebDriverWait to wait for the element to be present\n            element = WebDriverWait(self.driver, 10).until(\n                EC.presence_of_element_located((By.XPATH, xpath))\n            )\n            self.logger.info(f&amp;quot;Text Found : {element.text}&amp;quot;)\n            assert True\n        except:\n            self.logger.info(f&amp;quot;Text Not Found&amp;quot;)\n            self.driver.save_screenshot(&amp;quot;.\\\\ScreenShots\\\\&amp;quot; + &amp;quot;test_MediaDriveVerify.png&amp;quot;)\n&amp;gt;           assert False\nE           assert False\n\nSunithaTestCase\\test_CompanyProfile.py:171: AssertionError\n\n------------------------------ Captured log call -------------------------------\nINFO     root:BaseClass.py:23 ****Opening URL****\nINFO     root:test_CompanyProfile.py:156 ****** TC_03\tVerify the Profile  image Upload/edit/save/delete  *****\nINFO     root:test_CompanyProfile.py:169 Text Not Found\n\n&#34;}], &#34;test_Order.py::TestCompanyProfile::test_OfficialDetails&#34;: [{&#34;extras&#34;: [], &#34;result&#34;: &#34;Passed&#34;, &#34;testId&#34;: &#34;test_Order.py::TestCompanyProfile::test_OfficialDetails&#34;, &#34;duration&#34;: &#34;00:00:38&#34;, &#34;resultsTableRow&#34;: [&#34;&lt;td class=\&#34;col-result\&#34;&gt;Passed&lt;/td&gt;&#34;, &#34;&lt;td class=\&#34;col-testId\&#34;&gt;test_Order.py::TestCompanyProfile::test_OfficialDetails&lt;/td&gt;&#34;, &#34;&lt;td class=\&#34;col-duration\&#34;&gt;00:00:38&lt;/td&gt;&#34;, &#34;&lt;td class=\&#34;col-links\&#34;&gt;&lt;/td&gt;&#34;], &#34;log&#34;: &#34;------------------------------ Captured log call -------------------------------\nINFO     root:BaseClass.py:23 ****Opening URL****\nINFO     root:test_CompanyProfile.py:217 ****** TC_05\tVerify the displaying all the Official details  *****\nINFO     root:test_CompanyProfile.py:236 Text Found :\n\n&#34;}], &#34;test_Order.py::TestCompanyProfile::test_OverView&#34;: [{&#34;extras&#34;: [], &#34;result&#34;: &#34;Passed&#34;, &#34;testId&#34;: &#34;test_Order.py::TestCompanyProfile::test_OverView&#34;, &#34;duration&#34;: &#34;00:00:47&#34;, &#34;resultsTableRow&#34;: [&#34;&lt;td class=\&#34;col-result\&#34;&gt;Passed&lt;/td&gt;&#34;, &#34;&lt;td class=\&#34;col-testId\&#34;&gt;test_Order.py::TestCompanyProfile::test_OverView&lt;/td&gt;&#34;, &#34;&lt;td class=\&#34;col-duration\&#34;&gt;00:00:47&lt;/td&gt;&#34;, &#34;&lt;td class=\&#34;col-links\&#34;&gt;&lt;/td&gt;&#34;], &#34;log&#34;: &#34;------------------------------ Captured log call -------------------------------\nINFO     root:BaseClass.py:23 ****Opening URL****\nINFO     root:test_CompanyProfile.py:256 ****** TC_11\tVerify the Overview, by Add, Save and Update  *****\nINFO     root:test_CompanyProfile.py:282 Text Found : Company profile updated\n\n&#34;}], &#34;test_Order.py::TestCompanyProfile::test_Awards&#34;: [{&#34;extras&#34;: [], &#34;result&#34;: &#34;Passed&#34;, &#34;testId&#34;: &#34;test_Order.py::TestCompanyProfile::test_Awards&#34;, &#34;duration&#34;: &#34;00:00:29&#34;, &#34;resultsTableRow&#34;: [&#34;&lt;td class=\&#34;col-result\&#34;&gt;Passed&lt;/td&gt;&#34;, &#34;&lt;td class=\&#34;col-testId\&#34;&gt;test_Order.py::TestCompanyProfile::test_Awards&lt;/td&gt;&#34;, &#34;&lt;td class=\&#34;col-duration\&#34;&gt;00:00:29&lt;/td&gt;&#34;, &#34;&lt;td class=\&#34;col-links\&#34;&gt;&lt;/td&gt;&#34;], &#34;log&#34;: &#34;------------------------------ Captured log call -------------------------------\nINFO     root:BaseClass.py:23 ****Opening URL****\nINFO     root:test_CompanyProfile.py:301 ****** TC_13\tVerify the Awards, by Add, Save and Edit *****\nINFO     root:test_CompanyProfile.py:312 Text Found : Award added successfully\n\n&#34;}], &#34;test_Order.py::TestCompanyProfile::test_socialMediaLinks&#34;: [{&#34;extras&#34;: [], &#34;result&#34;: &#34;Passed&#34;, &#34;testId&#34;: &#34;test_Order.py::TestCompanyProfile::test_socialMediaLinks&#34;, &#34;duration&#34;: &#34;00:00:24&#34;, &#34;resultsTableRow&#34;: [&#34;&lt;td class=\&#34;col-result\&#34;&gt;Passed&lt;/td&gt;&#34;, &#34;&lt;td class=\&#34;col-testId\&#34;&gt;test_Order.py::TestCompanyProfile::test_socialMediaLinks&lt;/td&gt;&#34;, &#34;&lt;td class=\&#34;col-duration\&#34;&gt;00:00:24&lt;/td&gt;&#34;, &#34;&lt;td class=\&#34;col-links\&#34;&gt;&lt;/td&gt;&#34;], &#34;log&#34;: &#34;------------------------------ Captured log call -------------------------------\nINFO     root:BaseClass.py:23 ****Opening URL****\nINFO     root:test_CompanyProfile.py:329 ****** TC_16\tVerify Social Media Links details, by Add, Save and Update  *****\nINFO     root:test_CompanyProfile.py:341 Text Found :\n\n&#34;}], &#34;test_Order.py::TestCompanyProfile::test_ClickingElements&#34;: [{&#34;extras&#34;: [], &#34;result&#34;: &#34;Passed&#34;, &#34;testId&#34;: &#34;test_Order.py::TestCompanyProfile::test_ClickingElements&#34;, &#34;duration&#34;: &#34;00:00:38&#34;, &#34;resultsTableRow&#34;: [&#34;&lt;td class=\&#34;col-result\&#34;&gt;Passed&lt;/td&gt;&#34;, &#34;&lt;td class=\&#34;col-testId\&#34;&gt;test_Order.py::TestCompanyProfile::test_ClickingElements&lt;/td&gt;&#34;, &#34;&lt;td class=\&#34;col-duration\&#34;&gt;00:00:38&lt;/td&gt;&#34;, &#34;&lt;td class=\&#34;col-links\&#34;&gt;&lt;/td&gt;&#34;], &#34;log&#34;: &#34;------------------------------ Captured log call -------------------------------\nINFO     root:BaseClass.py:23 ****Opening URL****\nINFO     root:test_CompanyProfile.py:365 ****** TC_19\tVerify Networks by click on that  *****\nINFO     root:test_CompanyProfile.py:373 Text Found : MY NETWORKS\nINFO     root:test_CompanyProfile.py:383 ****** TC_20\tverify the certificate by click on that  *****\nINFO     root:test_CompanyProfile.py:391 Text Found : CREATE CERTIFICATION\nINFO     root:test_CompanyProfile.py:400 ****** TC_18\tVerify Resources by click on that *****\nINFO     root:test_CompanyProfile.py:408 Text Found : MY RESOURCES\nINFO     root:test_CompanyProfile.py:418 ****** TC_25\tverify the setting tab by clicking on it *****\nINFO     root:test_CompanyProfile.py:420 ****** TC_24\tverify the news feed by clicking on that  *****\n\n&#34;}]}, &#34;renderCollapsed&#34;: [&#34;passed&#34;], &#34;initialSort&#34;: &#34;result&#34;, &#34;title&#34;: &#34;report.html&#34;}"></div>
    <script>
      (function(){function r(e,n,t){function o(i,f){if(!n[i]){if(!e[i]){var c="function"==typeof require&&require;if(!f&&c)return c(i,!0);if(u)return u(i,!0);var a=new Error("Cannot find module '"+i+"'");throw a.code="MODULE_NOT_FOUND",a}var p=n[i]={exports:{}};e[i][0].call(p.exports,function(r){var n=e[i][1][r];return o(n||r)},p,p.exports,r,e,n,t)}return n[i].exports}for(var u="function"==typeof require&&require,i=0;i<t.length;i++)o(t[i]);return o}return r})()({1:[function(require,module,exports){
const { getCollapsedCategory, setCollapsedIds } = require('./storage.js')

class DataManager {
    setManager(data) {
        const collapsedCategories = [...getCollapsedCategory(data.renderCollapsed)]
        const collapsedIds = []
        const tests = Object.values(data.tests).flat().map((test, index) => {
            const collapsed = collapsedCategories.includes(test.result.toLowerCase())
            const id = `test_${index}`
            if (collapsed) {
                collapsedIds.push(id)
            }
            return {
                ...test,
                id,
                collapsed,
            }
        })
        const dataBlob = { ...data, tests }
        this.data = { ...dataBlob }
        this.renderData = { ...dataBlob }
        setCollapsedIds(collapsedIds)
    }

    get allData() {
        return { ...this.data }
    }

    resetRender() {
        this.renderData = { ...this.data }
    }

    setRender(data) {
        this.renderData.tests = [...data]
    }

    toggleCollapsedItem(id) {
        this.renderData.tests = this.renderData.tests.map((test) =>
            test.id === id ? { ...test, collapsed: !test.collapsed } : test,
        )
    }

    set allCollapsed(collapsed) {
        this.renderData = { ...this.renderData, tests: [...this.renderData.tests.map((test) => (
            { ...test, collapsed }
        ))] }
    }

    get testSubset() {
        return [...this.renderData.tests]
    }

    get environment() {
        return this.renderData.environment
    }

    get initialSort() {
        return this.data.initialSort
    }
}

module.exports = {
    manager: new DataManager(),
}

},{"./storage.js":8}],2:[function(require,module,exports){
const mediaViewer = require('./mediaviewer.js')
const templateEnvRow = document.getElementById('template_environment_row')
const templateResult = document.getElementById('template_results-table__tbody')

function htmlToElements(html) {
    const temp = document.createElement('template')
    temp.innerHTML = html
    return temp.content.childNodes
}

const find = (selector, elem) => {
    if (!elem) {
        elem = document
    }
    return elem.querySelector(selector)
}

const findAll = (selector, elem) => {
    if (!elem) {
        elem = document
    }
    return [...elem.querySelectorAll(selector)]
}

const dom = {
    getStaticRow: (key, value) => {
        const envRow = templateEnvRow.content.cloneNode(true)
        const isObj = typeof value === 'object' && value !== null
        const values = isObj ? Object.keys(value).map((k) => `${k}: ${value[k]}`) : null

        const valuesElement = htmlToElements(
            values ? `<ul>${values.map((val) => `<li>${val}</li>`).join('')}<ul>` : `<div>${value}</div>`)[0]
        const td = findAll('td', envRow)
        td[0].textContent = key
        td[1].appendChild(valuesElement)

        return envRow
    },
    getResultTBody: ({ testId, id, log, extras, resultsTableRow, tableHtml, result, collapsed }) => {
        const resultBody = templateResult.content.cloneNode(true)
        resultBody.querySelector('tbody').classList.add(result.toLowerCase())
        resultBody.querySelector('tbody').id = testId
        resultBody.querySelector('.collapsible').dataset.id = id

        resultsTableRow.forEach((html) => {
            const t = document.createElement('template')
            t.innerHTML = html
            resultBody.querySelector('.collapsible').appendChild(t.content)
        })

        if (log) {
            // Wrap lines starting with "E" with span.error to color those lines red
            const wrappedLog = log.replace(/^E.*$/gm, (match) => `<span class="error">${match}</span>`)
            resultBody.querySelector('.log').innerHTML = wrappedLog
        } else {
            resultBody.querySelector('.log').remove()
        }

        if (collapsed) {
            resultBody.querySelector('.collapsible > td')?.classList.add('collapsed')
            resultBody.querySelector('.extras-row').classList.add('hidden')
        } else {
            resultBody.querySelector('.collapsible > td')?.classList.remove('collapsed')
        }

        const media = []
        extras?.forEach(({ name, format_type, content }) => {
            if (['image', 'video'].includes(format_type)) {
                media.push({ path: content, name, format_type })
            }

            if (format_type === 'html') {
                resultBody.querySelector('.extraHTML').insertAdjacentHTML('beforeend', `<div>${content}</div>`)
            }
        })
        mediaViewer.setup(resultBody, media)

        // Add custom html from the pytest_html_results_table_html hook
        tableHtml?.forEach((item) => {
            resultBody.querySelector('td[class="extra"]').insertAdjacentHTML('beforeend', item)
        })

        return resultBody
    },
}

module.exports = {
    dom,
    htmlToElements,
    find,
    findAll,
}

},{"./mediaviewer.js":6}],3:[function(require,module,exports){
const { manager } = require('./datamanager.js')
const { doSort } = require('./sort.js')
const storageModule = require('./storage.js')

const getFilteredSubSet = (filter) =>
    manager.allData.tests.filter(({ result }) => filter.includes(result.toLowerCase()))

const doInitFilter = () => {
    const currentFilter = storageModule.getVisible()
    const filteredSubset = getFilteredSubSet(currentFilter)
    manager.setRender(filteredSubset)
}

const doFilter = (type, show) => {
    if (show) {
        storageModule.showCategory(type)
    } else {
        storageModule.hideCategory(type)
    }

    const currentFilter = storageModule.getVisible()
    const filteredSubset = getFilteredSubSet(currentFilter)
    manager.setRender(filteredSubset)

    const sortColumn = storageModule.getSort()
    doSort(sortColumn, true)
}

module.exports = {
    doFilter,
    doInitFilter,
}

},{"./datamanager.js":1,"./sort.js":7,"./storage.js":8}],4:[function(require,module,exports){
const { redraw, bindEvents, renderStatic } = require('./main.js')
const { doInitFilter } = require('./filter.js')
const { doInitSort } = require('./sort.js')
const { manager } = require('./datamanager.js')
const data = JSON.parse(document.getElementById('data-container').dataset.jsonblob)

function init() {
    manager.setManager(data)
    doInitFilter()
    doInitSort()
    renderStatic()
    redraw()
    bindEvents()
}

init()

},{"./datamanager.js":1,"./filter.js":3,"./main.js":5,"./sort.js":7}],5:[function(require,module,exports){
const { dom, find, findAll } = require('./dom.js')
const { manager } = require('./datamanager.js')
const { doSort } = require('./sort.js')
const { doFilter } = require('./filter.js')
const {
    getVisible,
    getCollapsedIds,
    setCollapsedIds,
    getSort,
    getSortDirection,
    possibleFilters,
} = require('./storage.js')

const removeChildren = (node) => {
    while (node.firstChild) {
        node.removeChild(node.firstChild)
    }
}

const renderStatic = () => {
    const renderEnvironmentTable = () => {
        const environment = manager.environment
        const rows = Object.keys(environment).map((key) => dom.getStaticRow(key, environment[key]))
        const table = document.getElementById('environment')
        removeChildren(table)
        rows.forEach((row) => table.appendChild(row))
    }
    renderEnvironmentTable()
}

const addItemToggleListener = (elem) => {
    elem.addEventListener('click', ({ target }) => {
        const id = target.parentElement.dataset.id
        manager.toggleCollapsedItem(id)

        const collapsedIds = getCollapsedIds()
        if (collapsedIds.includes(id)) {
            const updated = collapsedIds.filter((item) => item !== id)
            setCollapsedIds(updated)
        } else {
            collapsedIds.push(id)
            setCollapsedIds(collapsedIds)
        }
        redraw()
    })
}

const renderContent = (tests) => {
    const sortAttr = getSort(manager.initialSort)
    const sortAsc = JSON.parse(getSortDirection())
    const rows = tests.map(dom.getResultTBody)
    const table = document.getElementById('results-table')
    const tableHeader = document.getElementById('results-table-head')

    const newTable = document.createElement('table')
    newTable.id = 'results-table'

    // remove all sorting classes and set the relevant
    findAll('.sortable', tableHeader).forEach((elem) => elem.classList.remove('asc', 'desc'))
    tableHeader.querySelector(`.sortable[data-column-type="${sortAttr}"]`)?.classList.add(sortAsc ? 'desc' : 'asc')
    newTable.appendChild(tableHeader)

    if (!rows.length) {
        const emptyTable = document.getElementById('template_results-table__body--empty').content.cloneNode(true)
        newTable.appendChild(emptyTable)
    } else {
        rows.forEach((row) => {
            if (!!row) {
                findAll('.collapsible td:not(.col-links', row).forEach(addItemToggleListener)
                find('.logexpander', row).addEventListener('click',
                    (evt) => evt.target.parentNode.classList.toggle('expanded'),
                )
                newTable.appendChild(row)
            }
        })
    }

    table.replaceWith(newTable)
}

const renderDerived = () => {
    const currentFilter = getVisible()
    possibleFilters.forEach((result) => {
        const input = document.querySelector(`input[data-test-result="${result}"]`)
        input.checked = currentFilter.includes(result)
    })
}

const bindEvents = () => {
    const filterColumn = (evt) => {
        const { target: element } = evt
        const { testResult } = element.dataset

        doFilter(testResult, element.checked)
        const collapsedIds = getCollapsedIds()
        const updated = manager.renderData.tests.map((test) => {
            return {
                ...test,
                collapsed: collapsedIds.includes(test.id),
            }
        })
        manager.setRender(updated)
        redraw()
    }

    const header = document.getElementById('environment-header')
    header.addEventListener('click', () => {
        const table = document.getElementById('environment')
        table.classList.toggle('hidden')
        header.classList.toggle('collapsed')
    })

    findAll('input[name="filter_checkbox"]').forEach((elem) => {
        elem.addEventListener('click', filterColumn)
    })

    findAll('.sortable').forEach((elem) => {
        elem.addEventListener('click', (evt) => {
            const { target: element } = evt
            const { columnType } = element.dataset
            doSort(columnType)
            redraw()
        })
    })

    document.getElementById('show_all_details').addEventListener('click', () => {
        manager.allCollapsed = false
        setCollapsedIds([])
        redraw()
    })
    document.getElementById('hide_all_details').addEventListener('click', () => {
        manager.allCollapsed = true
        const allIds = manager.renderData.tests.map((test) => test.id)
        setCollapsedIds(allIds)
        redraw()
    })
}

const redraw = () => {
    const { testSubset } = manager

    renderContent(testSubset)
    renderDerived()
}

module.exports = {
    redraw,
    bindEvents,
    renderStatic,
}

},{"./datamanager.js":1,"./dom.js":2,"./filter.js":3,"./sort.js":7,"./storage.js":8}],6:[function(require,module,exports){
class MediaViewer {
    constructor(assets) {
        this.assets = assets
        this.index = 0
    }

    nextActive() {
        this.index = this.index === this.assets.length - 1 ? 0 : this.index + 1
        return [this.activeFile, this.index]
    }

    prevActive() {
        this.index = this.index === 0 ? this.assets.length - 1 : this.index -1
        return [this.activeFile, this.index]
    }

    get currentIndex() {
        return this.index
    }

    get activeFile() {
        return this.assets[this.index]
    }
}


const setup = (resultBody, assets) => {
    if (!assets.length) {
        resultBody.querySelector('.media').classList.add('hidden')
        return
    }

    const mediaViewer = new MediaViewer(assets)
    const container = resultBody.querySelector('.media-container')
    const leftArrow = resultBody.querySelector('.media-container__nav--left')
    const rightArrow = resultBody.querySelector('.media-container__nav--right')
    const mediaName = resultBody.querySelector('.media__name')
    const counter = resultBody.querySelector('.media__counter')
    const imageEl = resultBody.querySelector('img')
    const sourceEl = resultBody.querySelector('source')
    const videoEl = resultBody.querySelector('video')

    const setImg = (media, index) => {
        if (media?.format_type === 'image') {
            imageEl.src = media.path

            imageEl.classList.remove('hidden')
            videoEl.classList.add('hidden')
        } else if (media?.format_type === 'video') {
            sourceEl.src = media.path

            videoEl.classList.remove('hidden')
            imageEl.classList.add('hidden')
        }

        mediaName.innerText = media?.name
        counter.innerText = `${index + 1} / ${assets.length}`
    }
    setImg(mediaViewer.activeFile, mediaViewer.currentIndex)

    const moveLeft = () => {
        const [media, index] = mediaViewer.prevActive()
        setImg(media, index)
    }
    const doRight = () => {
        const [media, index] = mediaViewer.nextActive()
        setImg(media, index)
    }
    const openImg = () => {
        window.open(mediaViewer.activeFile.path, '_blank')
    }
    if (assets.length === 1) {
        container.classList.add('media-container--fullscreen')
    } else {
        leftArrow.addEventListener('click', moveLeft)
        rightArrow.addEventListener('click', doRight)
    }
    imageEl.addEventListener('click', openImg)
}

module.exports = {
    setup,
}

},{}],7:[function(require,module,exports){
const { manager } = require('./datamanager.js')
const storageModule = require('./storage.js')

const genericSort = (list, key, ascending, customOrder) => {
    let sorted
    if (customOrder) {
        sorted = list.sort((a, b) => {
            const aValue = a.result.toLowerCase()
            const bValue = b.result.toLowerCase()

            const aIndex = customOrder.findIndex((item) => item.toLowerCase() === aValue)
            const bIndex = customOrder.findIndex((item) => item.toLowerCase() === bValue)

            // Compare the indices to determine the sort order
            return aIndex - bIndex
        })
    } else {
        sorted = list.sort((a, b) => a[key] === b[key] ? 0 : a[key] > b[key] ? 1 : -1)
    }

    if (ascending) {
        sorted.reverse()
    }
    return sorted
}

const durationSort = (list, ascending) => {
    const parseDuration = (duration) => {
        if (duration.includes(':')) {
            // If it's in the format "HH:mm:ss"
            const [hours, minutes, seconds] = duration.split(':').map(Number)
            return (hours * 3600 + minutes * 60 + seconds) * 1000
        } else {
            // If it's in the format "nnn ms"
            return parseInt(duration)
        }
    }
    const sorted = list.sort((a, b) => parseDuration(a['duration']) - parseDuration(b['duration']))
    if (ascending) {
        sorted.reverse()
    }
    return sorted
}

const doInitSort = () => {
    const type = storageModule.getSort(manager.initialSort)
    const ascending = storageModule.getSortDirection()
    const list = manager.testSubset
    const initialOrder = ['Error', 'Failed', 'Rerun', 'XFailed', 'XPassed', 'Skipped', 'Passed']

    storageModule.setSort(type)
    storageModule.setSortDirection(ascending)

    if (type?.toLowerCase() === 'original') {
        manager.setRender(list)
    } else {
        let sortedList
        switch (type) {
        case 'duration':
            sortedList = durationSort(list, ascending)
            break
        case 'result':
            sortedList = genericSort(list, type, ascending, initialOrder)
            break
        default:
            sortedList = genericSort(list, type, ascending)
            break
        }
        manager.setRender(sortedList)
    }
}

const doSort = (type, skipDirection) => {
    const newSortType = storageModule.getSort(manager.initialSort) !== type
    const currentAsc = storageModule.getSortDirection()
    let ascending
    if (skipDirection) {
        ascending = currentAsc
    } else {
        ascending = newSortType ? false : !currentAsc
    }
    storageModule.setSort(type)
    storageModule.setSortDirection(ascending)

    const list = manager.testSubset
    const sortedList = type === 'duration' ? durationSort(list, ascending) : genericSort(list, type, ascending)
    manager.setRender(sortedList)
}

module.exports = {
    doInitSort,
    doSort,
}

},{"./datamanager.js":1,"./storage.js":8}],8:[function(require,module,exports){
const possibleFilters = [
    'passed',
    'skipped',
    'failed',
    'error',
    'xfailed',
    'xpassed',
    'rerun',
]

const getVisible = () => {
    const url = new URL(window.location.href)
    const settings = new URLSearchParams(url.search).get('visible')
    const lower = (item) => {
        const lowerItem = item.toLowerCase()
        if (possibleFilters.includes(lowerItem)) {
            return lowerItem
        }
        return null
    }
    return settings === null ?
        possibleFilters :
        [...new Set(settings?.split(',').map(lower).filter((item) => item))]
}

const hideCategory = (categoryToHide) => {
    const url = new URL(window.location.href)
    const visibleParams = new URLSearchParams(url.search).get('visible')
    const currentVisible = visibleParams ? visibleParams.split(',') : [...possibleFilters]
    const settings = [...new Set(currentVisible)].filter((f) => f !== categoryToHide).join(',')

    url.searchParams.set('visible', settings)
    window.history.pushState({}, null, unescape(url.href))
}

const showCategory = (categoryToShow) => {
    if (typeof window === 'undefined') {
        return
    }
    const url = new URL(window.location.href)
    const currentVisible = new URLSearchParams(url.search).get('visible')?.split(',').filter(Boolean) ||
        [...possibleFilters]
    const settings = [...new Set([categoryToShow, ...currentVisible])]
    const noFilter = possibleFilters.length === settings.length || !settings.length

    noFilter ? url.searchParams.delete('visible') : url.searchParams.set('visible', settings.join(','))
    window.history.pushState({}, null, unescape(url.href))
}

const getSort = (initialSort) => {
    const url = new URL(window.location.href)
    let sort = new URLSearchParams(url.search).get('sort')
    if (!sort) {
        sort = initialSort || 'result'
    }
    return sort
}

const setSort = (type) => {
    const url = new URL(window.location.href)
    url.searchParams.set('sort', type)
    window.history.pushState({}, null, unescape(url.href))
}

const getCollapsedCategory = (renderCollapsed) => {
    let categories
    if (typeof window !== 'undefined') {
        const url = new URL(window.location.href)
        const collapsedItems = new URLSearchParams(url.search).get('collapsed')
        switch (true) {
        case !renderCollapsed && collapsedItems === null:
            categories = ['passed']
            break
        case collapsedItems?.length === 0 || /^["']{2}$/.test(collapsedItems):
            categories = []
            break
        case /^all$/.test(collapsedItems) || collapsedItems === null && /^all$/.test(renderCollapsed):
            categories = [...possibleFilters]
            break
        default:
            categories = collapsedItems?.split(',').map((item) => item.toLowerCase()) || renderCollapsed
            break
        }
    } else {
        categories = []
    }
    return categories
}

const getSortDirection = () => JSON.parse(sessionStorage.getItem('sortAsc')) || false
const setSortDirection = (ascending) => sessionStorage.setItem('sortAsc', ascending)

const getCollapsedIds = () => JSON.parse(sessionStorage.getItem('collapsedIds')) || []
const setCollapsedIds = (list) => sessionStorage.setItem('collapsedIds', JSON.stringify(list))

module.exports = {
    getVisible,
    hideCategory,
    showCategory,
    getCollapsedIds,
    setCollapsedIds,
    getSort,
    setSort,
    getSortDirection,
    setSortDirection,
    getCollapsedCategory,
    possibleFilters,
}

},{}]},{},[4]);
    </script>
  </footer>
</html>